TpTrace Verbose: 0 : 16400, 1, 2025/05/19, 17:10:08.394, 3904107800371, vstest.console.dll, Version: 17.12.0-release-24508-01 Current process architecture: X64
TpTrace Verbose: 0 : 16400, 1, 2025/05/19, 17:10:08.396, 3904107824913, vstest.console.dll, Runtime location: C:\Program Files\dotnet\shared\Microsoft.NETCore.App\9.0.0
TpTrace Information: 0 : 16400, 1, 2025/05/19, 17:10:08.398, 3904107845395, vstest.console.dll, Using .Net Framework version:.NETCoreApp,Version=v8.0
TpTrace Verbose: 0 : 16400, 1, 2025/05/19, 17:10:08.399, 3904107846442, vstest.console.dll, ArtifactProcessingPostProcessModeProcessorExecutor.Initialize: ArtifactProcessingMode.Collect
TpTrace Verbose: 0 : 16400, 1, 2025/05/19, 17:10:08.399, 3904107847300, vstest.console.dll, TestSessionCorrelationIdProcessorModeProcessorExecutor.Initialize: TestSessionCorrelationId '18496_3c2f5655-c2b9-405b-99d0-0c955f7042a4'
TpTrace Information: 0 : 16400, 1, 2025/05/19, 17:10:08.404, 3904107904652, vstest.console.dll, FilePatternParser: The given file D:\Users\pc\Desktop\VictorCsharpBinding-SDK\Tests\bin\Debug\net8.0\VictorBaseDotNET.Tests.dll is a full path.
TpTrace Verbose: 0 : 16400, 1, 2025/05/19, 17:10:08.407, 3904107932846, vstest.console.dll, TestPluginCache.DiscoverTestExtensions: finding test extensions in assemblies ends with: RuntimeProvider.dll TPluginInfo: Microsoft.VisualStudio.TestPlatform.Common.ExtensionFramework.Utilities.TestRuntimePluginInformation TExtension: Microsoft.VisualStudio.TestPlatform.ObjectModel.Host.ITestRuntimeProvider
TpTrace Verbose: 0 : 16400, 1, 2025/05/19, 17:10:08.408, 3904107939266, vstest.console.dll, TestPluginCache.GetExtensionPaths: Filtered extension paths: 
TpTrace Verbose: 0 : 16400, 1, 2025/05/19, 17:10:08.408, 3904107939870, vstest.console.dll, TestPluginCache.GetExtensionPaths: Added default extension paths: C:\Program Files\dotnet\sdk\9.0.100\Extensions\Microsoft.Diagnostics.NETCore.Client.dll
C:\Program Files\dotnet\sdk\9.0.100\Extensions\Microsoft.TestPlatform.Extensions.BlameDataCollector.dll
C:\Program Files\dotnet\sdk\9.0.100\Extensions\Microsoft.TestPlatform.Extensions.EventLogCollector.dll
C:\Program Files\dotnet\sdk\9.0.100\Extensions\Microsoft.TestPlatform.TestHostRuntimeProvider.dll
C:\Program Files\dotnet\sdk\9.0.100\Extensions\Microsoft.VisualStudio.TestPlatform.Extensions.Html.TestLogger.dll
C:\Program Files\dotnet\sdk\9.0.100\Extensions\Microsoft.VisualStudio.TestPlatform.Extensions.Trx.TestLogger.dll
TpTrace Verbose: 0 : 16400, 1, 2025/05/19, 17:10:08.408, 3904107940183, vstest.console.dll, TestPluginCache.GetExtensionPaths: Added unfilterableExtensionPaths: 
TpTrace Information: 0 : 16400, 1, 2025/05/19, 17:10:08.408, 3904107944642, vstest.console.dll, AssemblyResolver.ctor: Creating AssemblyResolver with searchDirectories C:\Program Files\dotnet\sdk\9.0.100\Extensions,C:\Program Files\dotnet\sdk\9.0.100
TpTrace Verbose: 0 : 16400, 1, 2025/05/19, 17:10:08.409, 3904107953380, vstest.console.dll, TestPluginCache.DiscoverTestExtensions: Discovering the extensions using extension path.
TpTrace Verbose: 0 : 16400, 1, 2025/05/19, 17:10:08.409, 3904107954394, vstest.console.dll, TestPluginCache.GetExtensionPaths: Filtered extension paths: 
TpTrace Verbose: 0 : 16400, 1, 2025/05/19, 17:10:08.409, 3904107954754, vstest.console.dll, TestPluginCache.GetExtensionPaths: Added default extension paths: C:\Program Files\dotnet\sdk\9.0.100\Extensions\Microsoft.Diagnostics.NETCore.Client.dll
C:\Program Files\dotnet\sdk\9.0.100\Extensions\Microsoft.TestPlatform.Extensions.BlameDataCollector.dll
C:\Program Files\dotnet\sdk\9.0.100\Extensions\Microsoft.TestPlatform.Extensions.EventLogCollector.dll
C:\Program Files\dotnet\sdk\9.0.100\Extensions\Microsoft.TestPlatform.TestHostRuntimeProvider.dll
C:\Program Files\dotnet\sdk\9.0.100\Extensions\Microsoft.VisualStudio.TestPlatform.Extensions.Html.TestLogger.dll
C:\Program Files\dotnet\sdk\9.0.100\Extensions\Microsoft.VisualStudio.TestPlatform.Extensions.Trx.TestLogger.dll
TpTrace Verbose: 0 : 16400, 1, 2025/05/19, 17:10:08.409, 3904107955083, vstest.console.dll, TestPluginCache.GetExtensionPaths: Added unfilterableExtensionPaths: 
TpTrace Verbose: 0 : 16400, 1, 2025/05/19, 17:10:08.409, 3904107955945, vstest.console.dll, TestPluginCache.DiscoverTestExtensions: Discovering the extensions using allExtensionPaths: C:\Program Files\dotnet\sdk\9.0.100\Extensions\Microsoft.Diagnostics.NETCore.Client.dll
C:\Program Files\dotnet\sdk\9.0.100\Extensions\Microsoft.TestPlatform.Extensions.BlameDataCollector.dll
C:\Program Files\dotnet\sdk\9.0.100\Extensions\Microsoft.TestPlatform.Extensions.EventLogCollector.dll
C:\Program Files\dotnet\sdk\9.0.100\Extensions\Microsoft.TestPlatform.TestHostRuntimeProvider.dll
C:\Program Files\dotnet\sdk\9.0.100\Extensions\Microsoft.VisualStudio.TestPlatform.Extensions.Html.TestLogger.dll
C:\Program Files\dotnet\sdk\9.0.100\Extensions\Microsoft.VisualStudio.TestPlatform.Extensions.Trx.TestLogger.dll
TpTrace Information: 0 : 16400, 1, 2025/05/19, 17:10:08.410, 3904107956794, vstest.console.dll, AssemblyResolver.AddSearchDirectories: Adding more searchDirectories C:\Program Files\dotnet\sdk\9.0.100\Extensions,C:\Program Files\dotnet\sdk\9.0.100
TpTrace Information: 0 : 16400, 1, 2025/05/19, 17:10:08.410, 3904107957156, vstest.console.dll, AssemblyResolver.AddSearchDirectories: Adding more searchDirectories C:\Program Files\dotnet\sdk\9.0.100\Extensions,C:\Program Files\dotnet\sdk\9.0.100
TpTrace Information: 0 : 16400, 1, 2025/05/19, 17:10:08.410, 3904107957395, vstest.console.dll, AssemblyResolver.AddSearchDirectories: Adding more searchDirectories C:\Program Files\dotnet\sdk\9.0.100\Extensions,C:\Program Files\dotnet\sdk\9.0.100
TpTrace Information: 0 : 16400, 1, 2025/05/19, 17:10:08.410, 3904107957609, vstest.console.dll, AssemblyResolver.AddSearchDirectories: Adding more searchDirectories C:\Program Files\dotnet\sdk\9.0.100\Extensions,C:\Program Files\dotnet\sdk\9.0.100
TpTrace Information: 0 : 16400, 1, 2025/05/19, 17:10:08.410, 3904107957856, vstest.console.dll, AssemblyResolver.AddSearchDirectories: Adding more searchDirectories C:\Program Files\dotnet\sdk\9.0.100\Extensions,C:\Program Files\dotnet\sdk\9.0.100
TpTrace Information: 0 : 16400, 1, 2025/05/19, 17:10:08.410, 3904107958063, vstest.console.dll, AssemblyResolver.AddSearchDirectories: Adding more searchDirectories C:\Program Files\dotnet\sdk\9.0.100\Extensions,C:\Program Files\dotnet\sdk\9.0.100
TpTrace Information: 0 : 16400, 1, 2025/05/19, 17:10:08.410, 3904107960367, vstest.console.dll, AssemblyResolver.OnResolve: Microsoft.Diagnostics.NETCore.Client: Resolving assembly.
TpTrace Information: 0 : 16400, 1, 2025/05/19, 17:10:08.410, 3904107961072, vstest.console.dll, AssemblyResolver.OnResolve: Microsoft.Diagnostics.NETCore.Client: Searching in: 'C:\Program Files\dotnet\sdk\9.0.100\Extensions'.
TpTrace Information: 0 : 16400, 1, 2025/05/19, 17:10:08.420, 3904108056772, vstest.console.dll, AssemblyResolver.OnResolve: Microsoft.Diagnostics.NETCore.Client: Loading assembly 'C:\Program Files\dotnet\sdk\9.0.100\Extensions\Microsoft.Diagnostics.NETCore.Client.dll'.
TpTrace Information: 0 : 16400, 1, 2025/05/19, 17:10:08.420, 3904108060875, vstest.console.dll, AssemblyResolver.OnResolve: Resolved assembly: Microsoft.Diagnostics.NETCore.Client, from path: C:\Program Files\dotnet\sdk\9.0.100\Extensions\Microsoft.Diagnostics.NETCore.Client.dll
TpTrace Verbose: 0 : 16400, 1, 2025/05/19, 17:10:08.421, 3904108067662, vstest.console.dll, MetadataReaderExtensionsHelper: Discovering extensions inside assembly 'Microsoft.Diagnostics.NETCore.Client, Version=0.2.10.41601, Culture=neutral, PublicKeyToken=31bf3856ad364e35' file path 'C:\Program Files\dotnet\sdk\9.0.100\Extensions\Microsoft.Diagnostics.NETCore.Client.dll'
TpTrace Information: 0 : 16400, 1, 2025/05/19, 17:10:08.423, 3904108091397, vstest.console.dll, AssemblyResolver.OnResolve: Microsoft.Bcl.AsyncInterfaces: Resolving assembly.
TpTrace Information: 0 : 16400, 1, 2025/05/19, 17:10:08.423, 3904108092019, vstest.console.dll, AssemblyResolver.OnResolve: Microsoft.Bcl.AsyncInterfaces: Searching in: 'C:\Program Files\dotnet\sdk\9.0.100\Extensions'.
TpTrace Information: 0 : 16400, 1, 2025/05/19, 17:10:08.423, 3904108093163, vstest.console.dll, AssemblyResolver.OnResolve: Microsoft.Bcl.AsyncInterfaces: Assembly path does not exist: 'C:\Program Files\dotnet\sdk\9.0.100\Extensions\Microsoft.Bcl.AsyncInterfaces.dll', returning.
TpTrace Information: 0 : 16400, 1, 2025/05/19, 17:10:08.423, 3904108093843, vstest.console.dll, AssemblyResolver.OnResolve: Microsoft.Bcl.AsyncInterfaces: Assembly path does not exist: 'C:\Program Files\dotnet\sdk\9.0.100\Extensions\Microsoft.Bcl.AsyncInterfaces.exe', returning.
TpTrace Information: 0 : 16400, 1, 2025/05/19, 17:10:08.423, 3904108094123, vstest.console.dll, AssemblyResolver.OnResolve: Microsoft.Bcl.AsyncInterfaces: Searching in: 'C:\Program Files\dotnet\sdk\9.0.100'.
TpTrace Information: 0 : 16400, 1, 2025/05/19, 17:10:08.423, 3904108094769, vstest.console.dll, AssemblyResolver.OnResolve: Microsoft.Bcl.AsyncInterfaces: Assembly path does not exist: 'C:\Program Files\dotnet\sdk\9.0.100\Microsoft.Bcl.AsyncInterfaces.dll', returning.
TpTrace Information: 0 : 16400, 1, 2025/05/19, 17:10:08.423, 3904108095363, vstest.console.dll, AssemblyResolver.OnResolve: Microsoft.Bcl.AsyncInterfaces: Assembly path does not exist: 'C:\Program Files\dotnet\sdk\9.0.100\Microsoft.Bcl.AsyncInterfaces.exe', returning.
TpTrace Information: 0 : 16400, 1, 2025/05/19, 17:10:08.423, 3904108095630, vstest.console.dll, AssemblyResolver.OnResolve: Microsoft.Bcl.AsyncInterfaces: Failed to load assembly.
TpTrace Verbose: 0 : 16400, 1, 2025/05/19, 17:10:08.423, 3904108095885, vstest.console.dll, CurrentDomainAssemblyResolve: Resolving assembly 'Microsoft.Bcl.AsyncInterfaces'.
TpTrace Information: 0 : 16400, 1, 2025/05/19, 17:10:08.424, 3904108096337, vstest.console.dll, AssemblyResolver.OnResolve: Microsoft.Bcl.AsyncInterfaces: Resolving assembly.
TpTrace Information: 0 : 16400, 1, 2025/05/19, 17:10:08.424, 3904108096624, vstest.console.dll, AssemblyResolver.OnResolve: Microsoft.Bcl.AsyncInterfaces: Resolved from cache.
TpTrace Verbose: 0 : 16400, 1, 2025/05/19, 17:10:08.424, 3904108096837, vstest.console.dll, CurrentDomainAssemblyResolve: Resolving assembly 'Microsoft.Bcl.AsyncInterfaces'.
TpTrace Verbose: 0 : 16400, 1, 2025/05/19, 17:10:08.424, 3904108097070, vstest.console.dll, CurrentDomainAssemblyResolve: Failed to resolve assembly 'Microsoft.Bcl.AsyncInterfaces'.
TpTrace Verbose: 0 : 16400, 1, 2025/05/19, 17:10:08.424, 3904108103943, vstest.console.dll, CurrentDomainAssemblyResolve: Failed to resolve assembly 'Microsoft.Bcl.AsyncInterfaces'.
TpTrace Warning: 0 : 16400, 1, 2025/05/19, 17:10:08.431, 3904108172062, vstest.console.dll, TestPluginDiscoverer: Failed to get types from assembly 'Microsoft.Diagnostics.NETCore.Client, Version=0.2.10.41601, Culture=neutral, PublicKeyToken=31bf3856ad364e35'. Error: System.Reflection.ReflectionTypeLoadException: Unable to load one or more of the requested types.
Could not load file or assembly 'Microsoft.Bcl.AsyncInterfaces, Version=6.0.0.0, Culture=neutral, PublicKeyToken=cc7b13ffcd2ddd51'. El sistema no puede encontrar el archivo especificado.
   at System.Reflection.RuntimeModule.GetDefinedTypes()
   at System.Reflection.RuntimeModule.GetTypes()
   at Microsoft.VisualStudio.TestPlatform.Common.ExtensionFramework.TestPluginDiscoverer.GetTestExtensionsFromAssembly[TPluginInfo,TExtension](Assembly assembly, Dictionary`2 pluginInfos, String filePath) in /_/src/Microsoft.TestPlatform.Common/ExtensionFramework/TestPluginDiscoverer.cs:line 159
System.IO.FileNotFoundException: Could not load file or assembly 'Microsoft.Bcl.AsyncInterfaces, Version=6.0.0.0, Culture=neutral, PublicKeyToken=cc7b13ffcd2ddd51'. El sistema no puede encontrar el archivo especificado.
File name: 'Microsoft.Bcl.AsyncInterfaces, Version=6.0.0.0, Culture=neutral, PublicKeyToken=cc7b13ffcd2ddd51'
 ---> System.IO.FileNotFoundException: Could not load file or assembly 'Microsoft.Bcl.AsyncInterfaces, Culture=neutral, PublicKeyToken=null'. El sistema no puede encontrar el archivo especificado.
File name: 'Microsoft.Bcl.AsyncInterfaces, Culture=neutral, PublicKeyToken=null'
   at System.Reflection.RuntimeAssembly.InternalLoad(AssemblyName assemblyName, StackCrawlMark& stackMark, AssemblyLoadContext assemblyLoadContext, RuntimeAssembly requestingAssembly, Boolean throwOnFileNotFound)
   at System.Reflection.Assembly.Load(AssemblyName assemblyRef)
   at Microsoft.VisualStudio.TestPlatform.Common.ExtensionFramework.TestPluginCache.CurrentDomainAssemblyResolve(Object sender, AssemblyResolveEventArgs args) in /_/src/Microsoft.TestPlatform.Common/ExtensionFramework/TestPluginCache.cs:line 514
   at System.Runtime.Loader.AssemblyLoadContext.GetFirstResolvedAssemblyFromResolvingEvent(AssemblyName assemblyName)
   at System.Runtime.Loader.AssemblyLoadContext.ResolveUsingEvent(AssemblyName assemblyName)
   at System.Runtime.Loader.AssemblyLoadContext.ResolveUsingResolvingEvent(IntPtr gchManagedAssemblyLoadContext, AssemblyName assemblyName)
TpTrace Warning: 0 : 16400, 1, 2025/05/19, 17:10:08.431, 3904108174784, vstest.console.dll, LoaderExceptions: System.IO.FileNotFoundException: Could not load file or assembly 'Microsoft.Bcl.AsyncInterfaces, Version=6.0.0.0, Culture=neutral, PublicKeyToken=cc7b13ffcd2ddd51'. El sistema no puede encontrar el archivo especificado.
File name: 'Microsoft.Bcl.AsyncInterfaces, Version=6.0.0.0, Culture=neutral, PublicKeyToken=cc7b13ffcd2ddd51'
 ---> System.IO.FileNotFoundException: Could not load file or assembly 'Microsoft.Bcl.AsyncInterfaces, Culture=neutral, PublicKeyToken=null'. El sistema no puede encontrar el archivo especificado.
File name: 'Microsoft.Bcl.AsyncInterfaces, Culture=neutral, PublicKeyToken=null'
   at System.Reflection.RuntimeAssembly.InternalLoad(AssemblyName assemblyName, StackCrawlMark& stackMark, AssemblyLoadContext assemblyLoadContext, RuntimeAssembly requestingAssembly, Boolean throwOnFileNotFound)
   at System.Reflection.Assembly.Load(AssemblyName assemblyRef)
   at Microsoft.VisualStudio.TestPlatform.Common.ExtensionFramework.TestPluginCache.CurrentDomainAssemblyResolve(Object sender, AssemblyResolveEventArgs args) in /_/src/Microsoft.TestPlatform.Common/ExtensionFramework/TestPluginCache.cs:line 514
   at System.Runtime.Loader.AssemblyLoadContext.GetFirstResolvedAssemblyFromResolvingEvent(AssemblyName assemblyName)
   at System.Runtime.Loader.AssemblyLoadContext.ResolveUsingEvent(AssemblyName assemblyName)
   at System.Runtime.Loader.AssemblyLoadContext.ResolveUsingResolvingEvent(IntPtr gchManagedAssemblyLoadContext, AssemblyName assemblyName)
TpTrace Information: 0 : 16400, 1, 2025/05/19, 17:10:08.431, 3904108175849, vstest.console.dll, AssemblyResolver.OnResolve: Microsoft.TestPlatform.Extensions.BlameDataCollector: Resolving assembly.
TpTrace Information: 0 : 16400, 1, 2025/05/19, 17:10:08.432, 3904108176312, vstest.console.dll, AssemblyResolver.OnResolve: Microsoft.TestPlatform.Extensions.BlameDataCollector: Searching in: 'C:\Program Files\dotnet\sdk\9.0.100\Extensions'.
TpTrace Information: 0 : 16400, 1, 2025/05/19, 17:10:08.432, 3904108179339, vstest.console.dll, AssemblyResolver.OnResolve: Microsoft.TestPlatform.Extensions.BlameDataCollector: Loading assembly 'C:\Program Files\dotnet\sdk\9.0.100\Extensions\Microsoft.TestPlatform.Extensions.BlameDataCollector.dll'.
TpTrace Information: 0 : 16400, 1, 2025/05/19, 17:10:08.432, 3904108182653, vstest.console.dll, AssemblyResolver.OnResolve: Resolved assembly: Microsoft.TestPlatform.Extensions.BlameDataCollector, from path: C:\Program Files\dotnet\sdk\9.0.100\Extensions\Microsoft.TestPlatform.Extensions.BlameDataCollector.dll
TpTrace Verbose: 0 : 16400, 1, 2025/05/19, 17:10:08.432, 3904108183268, vstest.console.dll, MetadataReaderExtensionsHelper: Discovering extensions inside assembly 'Microsoft.TestPlatform.Extensions.BlameDataCollector, Version=15.0.0.0, Culture=neutral, PublicKeyToken=b03f5f7f11d50a3a' file path 'C:\Program Files\dotnet\sdk\9.0.100\Extensions\Microsoft.TestPlatform.Extensions.BlameDataCollector.dll'
TpTrace Information: 0 : 16400, 1, 2025/05/19, 17:10:08.433, 3904108191525, vstest.console.dll, AssemblyResolver.OnResolve: Microsoft.TestPlatform.Extensions.EventLogCollector: Resolving assembly.
TpTrace Information: 0 : 16400, 1, 2025/05/19, 17:10:08.433, 3904108192418, vstest.console.dll, AssemblyResolver.OnResolve: Microsoft.TestPlatform.Extensions.EventLogCollector: Searching in: 'C:\Program Files\dotnet\sdk\9.0.100\Extensions'.
TpTrace Information: 0 : 16400, 1, 2025/05/19, 17:10:08.433, 3904108194582, vstest.console.dll, AssemblyResolver.OnResolve: Microsoft.TestPlatform.Extensions.EventLogCollector: Loading assembly 'C:\Program Files\dotnet\sdk\9.0.100\Extensions\Microsoft.TestPlatform.Extensions.EventLogCollector.dll'.
TpTrace Information: 0 : 16400, 1, 2025/05/19, 17:10:08.434, 3904108196834, vstest.console.dll, AssemblyResolver.OnResolve: Resolved assembly: Microsoft.TestPlatform.Extensions.EventLogCollector, from path: C:\Program Files\dotnet\sdk\9.0.100\Extensions\Microsoft.TestPlatform.Extensions.EventLogCollector.dll
TpTrace Verbose: 0 : 16400, 1, 2025/05/19, 17:10:08.434, 3904108197311, vstest.console.dll, MetadataReaderExtensionsHelper: Discovering extensions inside assembly 'Microsoft.TestPlatform.Extensions.EventLogCollector, Version=15.0.0.0, Culture=neutral, PublicKeyToken=b03f5f7f11d50a3a' file path 'C:\Program Files\dotnet\sdk\9.0.100\Extensions\Microsoft.TestPlatform.Extensions.EventLogCollector.dll'
TpTrace Information: 0 : 16400, 1, 2025/05/19, 17:10:08.435, 3904108208944, vstest.console.dll, AssemblyResolver.OnResolve: Microsoft.TestPlatform.TestHostRuntimeProvider: Resolving assembly.
TpTrace Information: 0 : 16400, 1, 2025/05/19, 17:10:08.435, 3904108209459, vstest.console.dll, AssemblyResolver.OnResolve: Microsoft.TestPlatform.TestHostRuntimeProvider: Searching in: 'C:\Program Files\dotnet\sdk\9.0.100\Extensions'.
TpTrace Information: 0 : 16400, 1, 2025/05/19, 17:10:08.435, 3904108211504, vstest.console.dll, AssemblyResolver.OnResolve: Microsoft.TestPlatform.TestHostRuntimeProvider: Loading assembly 'C:\Program Files\dotnet\sdk\9.0.100\Extensions\Microsoft.TestPlatform.TestHostRuntimeProvider.dll'.
TpTrace Information: 0 : 16400, 1, 2025/05/19, 17:10:08.435, 3904108214488, vstest.console.dll, AssemblyResolver.OnResolve: Resolved assembly: Microsoft.TestPlatform.TestHostRuntimeProvider, from path: C:\Program Files\dotnet\sdk\9.0.100\Extensions\Microsoft.TestPlatform.TestHostRuntimeProvider.dll
TpTrace Verbose: 0 : 16400, 1, 2025/05/19, 17:10:08.435, 3904108214974, vstest.console.dll, MetadataReaderExtensionsHelper: Discovering extensions inside assembly 'Microsoft.TestPlatform.TestHostRuntimeProvider, Version=15.0.0.0, Culture=neutral, PublicKeyToken=b03f5f7f11d50a3a' file path 'C:\Program Files\dotnet\sdk\9.0.100\Extensions\Microsoft.TestPlatform.TestHostRuntimeProvider.dll'
TpTrace Information: 0 : 16400, 1, 2025/05/19, 17:10:08.436, 3904108224445, vstest.console.dll, GetTestExtensionFromType: Register extension with identifier data 'HostProvider://DefaultTestHost' and type 'Microsoft.VisualStudio.TestPlatform.CrossPlatEngine.Hosting.DefaultTestHostManager, Microsoft.TestPlatform.TestHostRuntimeProvider, Version=15.0.0.0, Culture=neutral, PublicKeyToken=b03f5f7f11d50a3a' inside file 'C:\Program Files\dotnet\sdk\9.0.100\Extensions\Microsoft.TestPlatform.TestHostRuntimeProvider.dll'
TpTrace Information: 0 : 16400, 1, 2025/05/19, 17:10:08.437, 3904108226087, vstest.console.dll, GetTestExtensionFromType: Register extension with identifier data 'HostProvider://DotnetTestHost' and type 'Microsoft.VisualStudio.TestPlatform.CrossPlatEngine.Hosting.DotnetTestHostManager, Microsoft.TestPlatform.TestHostRuntimeProvider, Version=15.0.0.0, Culture=neutral, PublicKeyToken=b03f5f7f11d50a3a' inside file 'C:\Program Files\dotnet\sdk\9.0.100\Extensions\Microsoft.TestPlatform.TestHostRuntimeProvider.dll'
TpTrace Information: 0 : 16400, 1, 2025/05/19, 17:10:08.437, 3904108226639, vstest.console.dll, AssemblyResolver.OnResolve: Microsoft.VisualStudio.TestPlatform.Extensions.Html.TestLogger: Resolving assembly.
TpTrace Information: 0 : 16400, 1, 2025/05/19, 17:10:08.437, 3904108226991, vstest.console.dll, AssemblyResolver.OnResolve: Microsoft.VisualStudio.TestPlatform.Extensions.Html.TestLogger: Searching in: 'C:\Program Files\dotnet\sdk\9.0.100\Extensions'.
TpTrace Information: 0 : 16400, 1, 2025/05/19, 17:10:08.437, 3904108229092, vstest.console.dll, AssemblyResolver.OnResolve: Microsoft.VisualStudio.TestPlatform.Extensions.Html.TestLogger: Loading assembly 'C:\Program Files\dotnet\sdk\9.0.100\Extensions\Microsoft.VisualStudio.TestPlatform.Extensions.Html.TestLogger.dll'.
TpTrace Information: 0 : 16400, 1, 2025/05/19, 17:10:08.437, 3904108232113, vstest.console.dll, AssemblyResolver.OnResolve: Resolved assembly: Microsoft.VisualStudio.TestPlatform.Extensions.Html.TestLogger, from path: C:\Program Files\dotnet\sdk\9.0.100\Extensions\Microsoft.VisualStudio.TestPlatform.Extensions.Html.TestLogger.dll
TpTrace Verbose: 0 : 16400, 1, 2025/05/19, 17:10:08.437, 3904108232613, vstest.console.dll, MetadataReaderExtensionsHelper: Discovering extensions inside assembly 'Microsoft.VisualStudio.TestPlatform.Extensions.Html.TestLogger, Version=15.0.0.0, Culture=neutral, PublicKeyToken=b03f5f7f11d50a3a' file path 'C:\Program Files\dotnet\sdk\9.0.100\Extensions\Microsoft.VisualStudio.TestPlatform.Extensions.Html.TestLogger.dll'
TpTrace Information: 0 : 16400, 1, 2025/05/19, 17:10:08.438, 3904108236949, vstest.console.dll, AssemblyResolver.OnResolve: Microsoft.VisualStudio.TestPlatform.Extensions.Trx.TestLogger: Resolving assembly.
TpTrace Information: 0 : 16400, 1, 2025/05/19, 17:10:08.438, 3904108237451, vstest.console.dll, AssemblyResolver.OnResolve: Microsoft.VisualStudio.TestPlatform.Extensions.Trx.TestLogger: Searching in: 'C:\Program Files\dotnet\sdk\9.0.100\Extensions'.
TpTrace Information: 0 : 16400, 1, 2025/05/19, 17:10:08.438, 3904108239488, vstest.console.dll, AssemblyResolver.OnResolve: Microsoft.VisualStudio.TestPlatform.Extensions.Trx.TestLogger: Loading assembly 'C:\Program Files\dotnet\sdk\9.0.100\Extensions\Microsoft.VisualStudio.TestPlatform.Extensions.Trx.TestLogger.dll'.
TpTrace Information: 0 : 16400, 1, 2025/05/19, 17:10:08.438, 3904108244801, vstest.console.dll, AssemblyResolver.OnResolve: Resolved assembly: Microsoft.VisualStudio.TestPlatform.Extensions.Trx.TestLogger, from path: C:\Program Files\dotnet\sdk\9.0.100\Extensions\Microsoft.VisualStudio.TestPlatform.Extensions.Trx.TestLogger.dll
TpTrace Verbose: 0 : 16400, 1, 2025/05/19, 17:10:08.438, 3904108245301, vstest.console.dll, MetadataReaderExtensionsHelper: Discovering extensions inside assembly 'Microsoft.VisualStudio.TestPlatform.Extensions.Trx.TestLogger, Version=15.0.0.0, Culture=neutral, PublicKeyToken=b03f5f7f11d50a3a' file path 'C:\Program Files\dotnet\sdk\9.0.100\Extensions\Microsoft.VisualStudio.TestPlatform.Extensions.Trx.TestLogger.dll'
TpTrace Verbose: 0 : 16400, 1, 2025/05/19, 17:10:08.439, 3904108251914, vstest.console.dll, TestPluginCache: Discovered the extensions using extension path ''.
TpTrace Verbose: 0 : 16400, 1, 2025/05/19, 17:10:08.439, 3904108252499, vstest.console.dll, TestPluginCache: Discoverers are ''.
TpTrace Verbose: 0 : 16400, 1, 2025/05/19, 17:10:08.439, 3904108252772, vstest.console.dll, TestPluginCache: Executors are ''.
TpTrace Verbose: 0 : 16400, 1, 2025/05/19, 17:10:08.439, 3904108252996, vstest.console.dll, TestPluginCache: Executors2 are ''.
TpTrace Verbose: 0 : 16400, 1, 2025/05/19, 17:10:08.439, 3904108253212, vstest.console.dll, TestPluginCache: Setting providers are ''.
TpTrace Verbose: 0 : 16400, 1, 2025/05/19, 17:10:08.439, 3904108253428, vstest.console.dll, TestPluginCache: Loggers are ''.
TpTrace Verbose: 0 : 16400, 1, 2025/05/19, 17:10:08.439, 3904108254739, vstest.console.dll, TestPluginCache: TestHosts are 'HostProvider://DefaultTestHost,HostProvider://DotnetTestHost'.
TpTrace Verbose: 0 : 16400, 1, 2025/05/19, 17:10:08.439, 3904108255283, vstest.console.dll, TestPluginCache: DataCollectors are ''.
TpTrace Information: 0 : 16400, 1, 2025/05/19, 17:10:08.449, 3904108353383, vstest.console.dll, RunTestsArgumentProcessor:Execute: Test run is starting.
TpTrace Verbose: 0 : 16400, 1, 2025/05/19, 17:10:08.449, 3904108354212, vstest.console.dll, RunTestsArgumentProcessor:Execute: Queuing Test run.
TpTrace Information: 0 : 16400, 1, 2025/05/19, 17:10:08.449, 3904108355756, vstest.console.dll, TestRequestManager.RunTests: run tests started.
TpTrace Information: 0 : 16400, 1, 2025/05/19, 17:10:08.450, 3904108364443, vstest.console.dll, AssemblyMetadataProvider.GetFrameworkName: Determined framework:'.NETCoreApp,Version=v8.0' for source: 'D:\Users\pc\Desktop\VictorCsharpBinding-SDK\Tests\bin\Debug\net8.0\VictorBaseDotNET.Tests.dll'
TpTrace Information: 0 : 16400, 1, 2025/05/19, 17:10:08.450, 3904108365585, vstest.console.dll, Determined framework for all sources: .NETCoreApp,Version=v8.0
TpTrace Verbose: 0 : 16400, 1, 2025/05/19, 17:10:08.451, 3904108367256, vstest.console.dll, TestRequestManager.UpdateRunSettingsIfRequired: Default architecture: X64 IsDefaultTargetArchitecture: True, Current process architecture: X64 OperatingSystem: Windows.
TpTrace Information: 0 : 16400, 1, 2025/05/19, 17:10:08.452, 3904108378558, vstest.console.dll, AssemblyMetadataProvider.GetArchitecture: Determined architecture:AnyCPU info for assembly: D:\Users\pc\Desktop\VictorCsharpBinding-SDK\Tests\bin\Debug\net8.0\VictorBaseDotNET.Tests.dll
TpTrace Information: 0 : 16400, 1, 2025/05/19, 17:10:08.452, 3904108378970, vstest.console.dll, Determined platform for source 'D:\Users\pc\Desktop\VictorCsharpBinding-SDK\Tests\bin\Debug\net8.0\VictorBaseDotNET.Tests.dll' was AnyCPU and it will use the default plaform X64.
TpTrace Information: 0 : 16400, 1, 2025/05/19, 17:10:08.452, 3904108379253, vstest.console.dll, None of the sources provided any runnable platform, using the default platform: X64
TpTrace Information: 0 : 16400, 1, 2025/05/19, 17:10:08.452, 3904108380224, vstest.console.dll, Platform was updated to 'X64'.
TpTrace Information: 0 : 16400, 1, 2025/05/19, 17:10:08.453, 3904108391376, vstest.console.dll, Compatible sources list: 
TpTrace Information: 0 : 16400, 1, 2025/05/19, 17:10:08.453, 3904108391865, vstest.console.dll, D:\Users\pc\Desktop\VictorCsharpBinding-SDK\Tests\bin\Debug\net8.0\VictorBaseDotNET.Tests.dll
TpTrace Information: 0 : 16400, 1, 2025/05/19, 17:10:08.455, 3904108409191, vstest.console.dll, InferRunSettingsHelper.IsTestSettingsEnabled: Unable to navigate to RunSettings/MSTest. Current node: RunSettings
TpTrace Information: 0 : 16400, 1, 2025/05/19, 17:10:08.455, 3904108413801, vstest.console.dll, AssemblyResolver.OnResolve: Microsoft.VisualStudio.TestPlatform.Fakes: Resolving assembly.
TpTrace Information: 0 : 16400, 1, 2025/05/19, 17:10:08.455, 3904108414401, vstest.console.dll, AssemblyResolver.OnResolve: Microsoft.VisualStudio.TestPlatform.Fakes: Searching in: 'C:\Program Files\dotnet\sdk\9.0.100\Extensions'.
TpTrace Information: 0 : 16400, 1, 2025/05/19, 17:10:08.455, 3904108415262, vstest.console.dll, AssemblyResolver.OnResolve: Microsoft.VisualStudio.TestPlatform.Fakes: Assembly path does not exist: 'C:\Program Files\dotnet\sdk\9.0.100\Extensions\Microsoft.VisualStudio.TestPlatform.Fakes.dll', returning.
TpTrace Information: 0 : 16400, 1, 2025/05/19, 17:10:08.455, 3904108415902, vstest.console.dll, AssemblyResolver.OnResolve: Microsoft.VisualStudio.TestPlatform.Fakes: Assembly path does not exist: 'C:\Program Files\dotnet\sdk\9.0.100\Extensions\Microsoft.VisualStudio.TestPlatform.Fakes.exe', returning.
TpTrace Information: 0 : 16400, 1, 2025/05/19, 17:10:08.456, 3904108416174, vstest.console.dll, AssemblyResolver.OnResolve: Microsoft.VisualStudio.TestPlatform.Fakes: Searching in: 'C:\Program Files\dotnet\sdk\9.0.100'.
TpTrace Information: 0 : 16400, 1, 2025/05/19, 17:10:08.456, 3904108416828, vstest.console.dll, AssemblyResolver.OnResolve: Microsoft.VisualStudio.TestPlatform.Fakes: Assembly path does not exist: 'C:\Program Files\dotnet\sdk\9.0.100\Microsoft.VisualStudio.TestPlatform.Fakes.dll', returning.
TpTrace Information: 0 : 16400, 1, 2025/05/19, 17:10:08.456, 3904108417452, vstest.console.dll, AssemblyResolver.OnResolve: Microsoft.VisualStudio.TestPlatform.Fakes: Assembly path does not exist: 'C:\Program Files\dotnet\sdk\9.0.100\Microsoft.VisualStudio.TestPlatform.Fakes.exe', returning.
TpTrace Information: 0 : 16400, 1, 2025/05/19, 17:10:08.456, 3904108417770, vstest.console.dll, AssemblyResolver.OnResolve: Microsoft.VisualStudio.TestPlatform.Fakes: Failed to load assembly.
TpTrace Information: 0 : 16400, 1, 2025/05/19, 17:10:08.456, 3904108419702, vstest.console.dll, Failed to load assembly Microsoft.VisualStudio.TestPlatform.Fakes, Version=17.0.0.0, Culture=neutral. Reason:System.IO.FileNotFoundException: Could not load file or assembly 'Microsoft.VisualStudio.TestPlatform.Fakes, Version=17.0.0.0, Culture=neutral, PublicKeyToken=null'. El sistema no puede encontrar el archivo especificado.
File name: 'Microsoft.VisualStudio.TestPlatform.Fakes, Version=17.0.0.0, Culture=neutral, PublicKeyToken=null'
   at System.Reflection.RuntimeAssembly.InternalLoad(AssemblyName assemblyName, StackCrawlMark& stackMark, AssemblyLoadContext assemblyLoadContext, RuntimeAssembly requestingAssembly, Boolean throwOnFileNotFound)
   at System.Reflection.Assembly.Load(AssemblyName assemblyRef)
   at Microsoft.VisualStudio.TestPlatform.Common.Utilities.FakesUtilities.LoadTestPlatformAssembly() in /_/src/Microsoft.TestPlatform.Common/Utilities/FakesUtilities.cs:line 273
TpTrace Verbose: 0 : 16400, 1, 2025/05/19, 17:10:08.457, 3904108431743, vstest.console.dll, TestPluginCache: Update extensions started. Skip filter = False
TpTrace Verbose: 0 : 16400, 1, 2025/05/19, 17:10:08.459, 3904108451448, vstest.console.dll, TestPluginCache: Using directories for assembly resolution 'C:\Users\pc\.nuget\packages\coverlet.collector\6.0.2\build\netstandard2.0'.
TpTrace Verbose: 0 : 16400, 1, 2025/05/19, 17:10:08.459, 3904108452130, vstest.console.dll, TestPluginCache: Updated the available extensions to 'C:\Users\pc\.nuget\packages\coverlet.collector\6.0.2\build\netstandard2.0\coverlet.collector.dll'.
TpTrace Verbose: 0 : 16400, 1, 2025/05/19, 17:10:08.463, 3904108493941, vstest.console.dll, TestPluginCache.DiscoverTestExtensions: finding test extensions in assemblies ends with: TestLogger.dll TPluginInfo: Microsoft.VisualStudio.TestPlatform.Common.ExtensionFramework.Utilities.TestLoggerPluginInformation TExtension: Microsoft.VisualStudio.TestPlatform.ObjectModel.Client.ITestLogger
TpTrace Verbose: 0 : 16400, 1, 2025/05/19, 17:10:08.463, 3904108495169, vstest.console.dll, TestPluginCache.GetExtensionPaths: Filtered extension paths: C:\Users\pc\.nuget\packages\coverlet.collector\6.0.2\build\netstandard2.0\coverlet.collector.dll
TpTrace Verbose: 0 : 16400, 1, 2025/05/19, 17:10:08.463, 3904108495446, vstest.console.dll, TestPluginCache.GetExtensionPaths: Added default extension paths: C:\Program Files\dotnet\sdk\9.0.100\Extensions\Microsoft.Diagnostics.NETCore.Client.dll
C:\Program Files\dotnet\sdk\9.0.100\Extensions\Microsoft.TestPlatform.Extensions.BlameDataCollector.dll
C:\Program Files\dotnet\sdk\9.0.100\Extensions\Microsoft.TestPlatform.Extensions.EventLogCollector.dll
C:\Program Files\dotnet\sdk\9.0.100\Extensions\Microsoft.TestPlatform.TestHostRuntimeProvider.dll
C:\Program Files\dotnet\sdk\9.0.100\Extensions\Microsoft.VisualStudio.TestPlatform.Extensions.Html.TestLogger.dll
C:\Program Files\dotnet\sdk\9.0.100\Extensions\Microsoft.VisualStudio.TestPlatform.Extensions.Trx.TestLogger.dll
TpTrace Verbose: 0 : 16400, 1, 2025/05/19, 17:10:08.463, 3904108495703, vstest.console.dll, TestPluginCache.GetExtensionPaths: Added unfilterableExtensionPaths: 
TpTrace Information: 0 : 16400, 1, 2025/05/19, 17:10:08.464, 3904108498411, vstest.console.dll, AssemblyResolver.AddSearchDirectories: Adding more searchDirectories C:\Users\pc\.nuget\packages\coverlet.collector\6.0.2\build\netstandard2.0,C:\Program Files\dotnet\sdk\9.0.100\Extensions,C:\Program Files\dotnet\sdk\9.0.100
TpTrace Verbose: 0 : 16400, 1, 2025/05/19, 17:10:08.464, 3904108498890, vstest.console.dll, TestPluginCache.DiscoverTestExtensions: Discovering the extensions using extension path.
TpTrace Verbose: 0 : 16400, 1, 2025/05/19, 17:10:08.464, 3904108499484, vstest.console.dll, TestPluginCache.GetExtensionPaths: Filtered extension paths: 
TpTrace Verbose: 0 : 16400, 1, 2025/05/19, 17:10:08.464, 3904108500379, vstest.console.dll, TestPluginCache.GetExtensionPaths: Added default extension paths: C:\Program Files\dotnet\sdk\9.0.100\Extensions\Microsoft.Diagnostics.NETCore.Client.dll
C:\Program Files\dotnet\sdk\9.0.100\Extensions\Microsoft.TestPlatform.Extensions.BlameDataCollector.dll
C:\Program Files\dotnet\sdk\9.0.100\Extensions\Microsoft.TestPlatform.Extensions.EventLogCollector.dll
C:\Program Files\dotnet\sdk\9.0.100\Extensions\Microsoft.TestPlatform.TestHostRuntimeProvider.dll
C:\Program Files\dotnet\sdk\9.0.100\Extensions\Microsoft.VisualStudio.TestPlatform.Extensions.Html.TestLogger.dll
C:\Program Files\dotnet\sdk\9.0.100\Extensions\Microsoft.VisualStudio.TestPlatform.Extensions.Trx.TestLogger.dll
TpTrace Verbose: 0 : 16400, 1, 2025/05/19, 17:10:08.464, 3904108500659, vstest.console.dll, TestPluginCache.GetExtensionPaths: Added unfilterableExtensionPaths: 
TpTrace Verbose: 0 : 16400, 1, 2025/05/19, 17:10:08.464, 3904108500918, vstest.console.dll, TestPluginCache.DiscoverTestExtensions: Discovering the extensions using allExtensionPaths: C:\Program Files\dotnet\sdk\9.0.100\Extensions\Microsoft.Diagnostics.NETCore.Client.dll
C:\Program Files\dotnet\sdk\9.0.100\Extensions\Microsoft.TestPlatform.Extensions.BlameDataCollector.dll
C:\Program Files\dotnet\sdk\9.0.100\Extensions\Microsoft.TestPlatform.Extensions.EventLogCollector.dll
C:\Program Files\dotnet\sdk\9.0.100\Extensions\Microsoft.TestPlatform.TestHostRuntimeProvider.dll
C:\Program Files\dotnet\sdk\9.0.100\Extensions\Microsoft.VisualStudio.TestPlatform.Extensions.Html.TestLogger.dll
C:\Program Files\dotnet\sdk\9.0.100\Extensions\Microsoft.VisualStudio.TestPlatform.Extensions.Trx.TestLogger.dll
TpTrace Information: 0 : 16400, 1, 2025/05/19, 17:10:08.464, 3904108501261, vstest.console.dll, AssemblyResolver.AddSearchDirectories: Adding more searchDirectories C:\Program Files\dotnet\sdk\9.0.100\Extensions,C:\Program Files\dotnet\sdk\9.0.100
TpTrace Information: 0 : 16400, 1, 2025/05/19, 17:10:08.464, 3904108501536, vstest.console.dll, AssemblyResolver.AddSearchDirectories: Adding more searchDirectories C:\Program Files\dotnet\sdk\9.0.100\Extensions,C:\Program Files\dotnet\sdk\9.0.100
TpTrace Information: 0 : 16400, 1, 2025/05/19, 17:10:08.464, 3904108501913, vstest.console.dll, AssemblyResolver.AddSearchDirectories: Adding more searchDirectories C:\Program Files\dotnet\sdk\9.0.100\Extensions,C:\Program Files\dotnet\sdk\9.0.100
TpTrace Information: 0 : 16400, 1, 2025/05/19, 17:10:08.464, 3904108502182, vstest.console.dll, AssemblyResolver.AddSearchDirectories: Adding more searchDirectories C:\Program Files\dotnet\sdk\9.0.100\Extensions,C:\Program Files\dotnet\sdk\9.0.100
TpTrace Information: 0 : 16400, 1, 2025/05/19, 17:10:08.464, 3904108502464, vstest.console.dll, AssemblyResolver.AddSearchDirectories: Adding more searchDirectories C:\Program Files\dotnet\sdk\9.0.100\Extensions,C:\Program Files\dotnet\sdk\9.0.100
TpTrace Information: 0 : 16400, 1, 2025/05/19, 17:10:08.464, 3904108502687, vstest.console.dll, AssemblyResolver.AddSearchDirectories: Adding more searchDirectories C:\Program Files\dotnet\sdk\9.0.100\Extensions,C:\Program Files\dotnet\sdk\9.0.100
TpTrace Verbose: 0 : 16400, 1, 2025/05/19, 17:10:08.464, 3904108503500, vstest.console.dll, MetadataReaderExtensionsHelper: Discovering extensions inside assembly 'Microsoft.Diagnostics.NETCore.Client, Version=0.2.10.41601, Culture=neutral, PublicKeyToken=31bf3856ad364e35' file path 'C:\Program Files\dotnet\sdk\9.0.100\Extensions\Microsoft.Diagnostics.NETCore.Client.dll'
TpTrace Information: 0 : 16400, 1, 2025/05/19, 17:10:08.465, 3904108509136, vstest.console.dll, AssemblyResolver.OnResolve: Microsoft.Bcl.AsyncInterfaces: Resolving assembly.
TpTrace Information: 0 : 16400, 1, 2025/05/19, 17:10:08.465, 3904108509625, vstest.console.dll, AssemblyResolver.OnResolve: Microsoft.Bcl.AsyncInterfaces: Resolved from cache.
TpTrace Verbose: 0 : 16400, 1, 2025/05/19, 17:10:08.465, 3904108509862, vstest.console.dll, CurrentDomainAssemblyResolve: Resolving assembly 'Microsoft.Bcl.AsyncInterfaces'.
TpTrace Information: 0 : 16400, 1, 2025/05/19, 17:10:08.465, 3904108510191, vstest.console.dll, AssemblyResolver.OnResolve: Microsoft.Bcl.AsyncInterfaces: Resolving assembly.
TpTrace Information: 0 : 16400, 1, 2025/05/19, 17:10:08.465, 3904108510435, vstest.console.dll, AssemblyResolver.OnResolve: Microsoft.Bcl.AsyncInterfaces: Resolved from cache.
TpTrace Verbose: 0 : 16400, 1, 2025/05/19, 17:10:08.465, 3904108510641, vstest.console.dll, CurrentDomainAssemblyResolve: Resolving assembly 'Microsoft.Bcl.AsyncInterfaces'.
TpTrace Verbose: 0 : 16400, 1, 2025/05/19, 17:10:08.465, 3904108510836, vstest.console.dll, CurrentDomainAssemblyResolve: Failed to resolve assembly 'Microsoft.Bcl.AsyncInterfaces'.
TpTrace Verbose: 0 : 16400, 1, 2025/05/19, 17:10:08.465, 3904108511891, vstest.console.dll, CurrentDomainAssemblyResolve: Failed to resolve assembly 'Microsoft.Bcl.AsyncInterfaces'.
TpTrace Warning: 0 : 16400, 1, 2025/05/19, 17:10:08.465, 3904108514364, vstest.console.dll, TestPluginDiscoverer: Failed to get types from assembly 'Microsoft.Diagnostics.NETCore.Client, Version=0.2.10.41601, Culture=neutral, PublicKeyToken=31bf3856ad364e35'. Error: System.Reflection.ReflectionTypeLoadException: Unable to load one or more of the requested types.
Could not load file or assembly 'Microsoft.Bcl.AsyncInterfaces, Version=6.0.0.0, Culture=neutral, PublicKeyToken=cc7b13ffcd2ddd51'. El sistema no puede encontrar el archivo especificado.
   at System.Reflection.RuntimeModule.GetDefinedTypes()
   at System.Reflection.RuntimeModule.GetTypes()
   at Microsoft.VisualStudio.TestPlatform.Common.ExtensionFramework.TestPluginDiscoverer.GetTestExtensionsFromAssembly[TPluginInfo,TExtension](Assembly assembly, Dictionary`2 pluginInfos, String filePath) in /_/src/Microsoft.TestPlatform.Common/ExtensionFramework/TestPluginDiscoverer.cs:line 159
System.IO.FileNotFoundException: Could not load file or assembly 'Microsoft.Bcl.AsyncInterfaces, Version=6.0.0.0, Culture=neutral, PublicKeyToken=cc7b13ffcd2ddd51'. El sistema no puede encontrar el archivo especificado.
File name: 'Microsoft.Bcl.AsyncInterfaces, Version=6.0.0.0, Culture=neutral, PublicKeyToken=cc7b13ffcd2ddd51'
 ---> System.IO.FileNotFoundException: Could not load file or assembly 'Microsoft.Bcl.AsyncInterfaces, Culture=neutral, PublicKeyToken=null'. El sistema no puede encontrar el archivo especificado.
File name: 'Microsoft.Bcl.AsyncInterfaces, Culture=neutral, PublicKeyToken=null'
   at System.Reflection.RuntimeAssembly.InternalLoad(AssemblyName assemblyName, StackCrawlMark& stackMark, AssemblyLoadContext assemblyLoadContext, RuntimeAssembly requestingAssembly, Boolean throwOnFileNotFound)
   at System.Reflection.Assembly.Load(AssemblyName assemblyRef)
   at Microsoft.VisualStudio.TestPlatform.Common.ExtensionFramework.TestPluginCache.CurrentDomainAssemblyResolve(Object sender, AssemblyResolveEventArgs args) in /_/src/Microsoft.TestPlatform.Common/ExtensionFramework/TestPluginCache.cs:line 514
   at System.Runtime.Loader.AssemblyLoadContext.GetFirstResolvedAssemblyFromResolvingEvent(AssemblyName assemblyName)
   at System.Runtime.Loader.AssemblyLoadContext.ResolveUsingEvent(AssemblyName assemblyName)
   at System.Runtime.Loader.AssemblyLoadContext.ResolveUsingResolvingEvent(IntPtr gchManagedAssemblyLoadContext, AssemblyName assemblyName)
TpTrace Warning: 0 : 16400, 1, 2025/05/19, 17:10:08.465, 3904108515443, vstest.console.dll, LoaderExceptions: System.IO.FileNotFoundException: Could not load file or assembly 'Microsoft.Bcl.AsyncInterfaces, Version=6.0.0.0, Culture=neutral, PublicKeyToken=cc7b13ffcd2ddd51'. El sistema no puede encontrar el archivo especificado.
File name: 'Microsoft.Bcl.AsyncInterfaces, Version=6.0.0.0, Culture=neutral, PublicKeyToken=cc7b13ffcd2ddd51'
 ---> System.IO.FileNotFoundException: Could not load file or assembly 'Microsoft.Bcl.AsyncInterfaces, Culture=neutral, PublicKeyToken=null'. El sistema no puede encontrar el archivo especificado.
File name: 'Microsoft.Bcl.AsyncInterfaces, Culture=neutral, PublicKeyToken=null'
   at System.Reflection.RuntimeAssembly.InternalLoad(AssemblyName assemblyName, StackCrawlMark& stackMark, AssemblyLoadContext assemblyLoadContext, RuntimeAssembly requestingAssembly, Boolean throwOnFileNotFound)
   at System.Reflection.Assembly.Load(AssemblyName assemblyRef)
   at Microsoft.VisualStudio.TestPlatform.Common.ExtensionFramework.TestPluginCache.CurrentDomainAssemblyResolve(Object sender, AssemblyResolveEventArgs args) in /_/src/Microsoft.TestPlatform.Common/ExtensionFramework/TestPluginCache.cs:line 514
   at System.Runtime.Loader.AssemblyLoadContext.GetFirstResolvedAssemblyFromResolvingEvent(AssemblyName assemblyName)
   at System.Runtime.Loader.AssemblyLoadContext.ResolveUsingEvent(AssemblyName assemblyName)
   at System.Runtime.Loader.AssemblyLoadContext.ResolveUsingResolvingEvent(IntPtr gchManagedAssemblyLoadContext, AssemblyName assemblyName)
TpTrace Verbose: 0 : 16400, 1, 2025/05/19, 17:10:08.465, 3904108516030, vstest.console.dll, MetadataReaderExtensionsHelper: Discovering extensions inside assembly 'Microsoft.TestPlatform.Extensions.BlameDataCollector, Version=15.0.0.0, Culture=neutral, PublicKeyToken=b03f5f7f11d50a3a' file path 'C:\Program Files\dotnet\sdk\9.0.100\Extensions\Microsoft.TestPlatform.Extensions.BlameDataCollector.dll'
TpTrace Information: 0 : 16400, 1, 2025/05/19, 17:10:08.466, 3904108518909, vstest.console.dll, GetTestExtensionFromType: Register extension with identifier data 'logger://Microsoft/TestPlatform/Extensions/Blame/v1' and type 'Microsoft.TestPlatform.Extensions.BlameDataCollector.BlameLogger, Microsoft.TestPlatform.Extensions.BlameDataCollector, Version=15.0.0.0, Culture=neutral, PublicKeyToken=b03f5f7f11d50a3a' inside file 'C:\Program Files\dotnet\sdk\9.0.100\Extensions\Microsoft.TestPlatform.Extensions.BlameDataCollector.dll'
TpTrace Verbose: 0 : 16400, 1, 2025/05/19, 17:10:08.466, 3904108519426, vstest.console.dll, MetadataReaderExtensionsHelper: Discovering extensions inside assembly 'Microsoft.TestPlatform.Extensions.EventLogCollector, Version=15.0.0.0, Culture=neutral, PublicKeyToken=b03f5f7f11d50a3a' file path 'C:\Program Files\dotnet\sdk\9.0.100\Extensions\Microsoft.TestPlatform.Extensions.EventLogCollector.dll'
TpTrace Verbose: 0 : 16400, 1, 2025/05/19, 17:10:08.466, 3904108521326, vstest.console.dll, MetadataReaderExtensionsHelper: Discovering extensions inside assembly 'Microsoft.TestPlatform.TestHostRuntimeProvider, Version=15.0.0.0, Culture=neutral, PublicKeyToken=b03f5f7f11d50a3a' file path 'C:\Program Files\dotnet\sdk\9.0.100\Extensions\Microsoft.TestPlatform.TestHostRuntimeProvider.dll'
TpTrace Verbose: 0 : 16400, 1, 2025/05/19, 17:10:08.466, 3904108523446, vstest.console.dll, MetadataReaderExtensionsHelper: Discovering extensions inside assembly 'Microsoft.VisualStudio.TestPlatform.Extensions.Html.TestLogger, Version=15.0.0.0, Culture=neutral, PublicKeyToken=b03f5f7f11d50a3a' file path 'C:\Program Files\dotnet\sdk\9.0.100\Extensions\Microsoft.VisualStudio.TestPlatform.Extensions.Html.TestLogger.dll'
TpTrace Information: 0 : 16400, 1, 2025/05/19, 17:10:08.467, 3904108526916, vstest.console.dll, GetTestExtensionFromType: Register extension with identifier data 'logger://Microsoft/TestPlatform/HtmlLogger/v1' and type 'Microsoft.VisualStudio.TestPlatform.Extensions.HtmlLogger.HtmlLogger, Microsoft.VisualStudio.TestPlatform.Extensions.Html.TestLogger, Version=15.0.0.0, Culture=neutral, PublicKeyToken=b03f5f7f11d50a3a' inside file 'C:\Program Files\dotnet\sdk\9.0.100\Extensions\Microsoft.VisualStudio.TestPlatform.Extensions.Html.TestLogger.dll'
TpTrace Verbose: 0 : 16400, 1, 2025/05/19, 17:10:08.467, 3904108527410, vstest.console.dll, MetadataReaderExtensionsHelper: Discovering extensions inside assembly 'Microsoft.VisualStudio.TestPlatform.Extensions.Trx.TestLogger, Version=15.0.0.0, Culture=neutral, PublicKeyToken=b03f5f7f11d50a3a' file path 'C:\Program Files\dotnet\sdk\9.0.100\Extensions\Microsoft.VisualStudio.TestPlatform.Extensions.Trx.TestLogger.dll'
TpTrace Information: 0 : 16400, 1, 2025/05/19, 17:10:08.467, 3904108529750, vstest.console.dll, GetTestExtensionFromType: Register extension with identifier data 'logger://Microsoft/TestPlatform/TrxLogger/v1' and type 'Microsoft.VisualStudio.TestPlatform.Extensions.TrxLogger.TrxLogger, Microsoft.VisualStudio.TestPlatform.Extensions.Trx.TestLogger, Version=15.0.0.0, Culture=neutral, PublicKeyToken=b03f5f7f11d50a3a' inside file 'C:\Program Files\dotnet\sdk\9.0.100\Extensions\Microsoft.VisualStudio.TestPlatform.Extensions.Trx.TestLogger.dll'
TpTrace Verbose: 0 : 16400, 1, 2025/05/19, 17:10:08.467, 3904108530301, vstest.console.dll, TestPluginCache: Discovered the extensions using extension path 'C:\Users\pc\.nuget\packages\coverlet.collector\6.0.2\build\netstandard2.0\coverlet.collector.dll'.
TpTrace Verbose: 0 : 16400, 1, 2025/05/19, 17:10:08.467, 3904108530581, vstest.console.dll, TestPluginCache: Discoverers are ''.
TpTrace Verbose: 0 : 16400, 1, 2025/05/19, 17:10:08.467, 3904108530784, vstest.console.dll, TestPluginCache: Executors are ''.
TpTrace Verbose: 0 : 16400, 1, 2025/05/19, 17:10:08.467, 3904108530967, vstest.console.dll, TestPluginCache: Executors2 are ''.
TpTrace Verbose: 0 : 16400, 1, 2025/05/19, 17:10:08.467, 3904108531143, vstest.console.dll, TestPluginCache: Setting providers are ''.
TpTrace Verbose: 0 : 16400, 1, 2025/05/19, 17:10:08.467, 3904108531591, vstest.console.dll, TestPluginCache: Loggers are 'logger://Microsoft/TestPlatform/Extensions/Blame/v1,logger://Microsoft/TestPlatform/HtmlLogger/v1,logger://Microsoft/TestPlatform/TrxLogger/v1'.
TpTrace Verbose: 0 : 16400, 1, 2025/05/19, 17:10:08.467, 3904108531921, vstest.console.dll, TestPluginCache: TestHosts are 'HostProvider://DefaultTestHost,HostProvider://DotnetTestHost'.
TpTrace Verbose: 0 : 16400, 1, 2025/05/19, 17:10:08.467, 3904108532169, vstest.console.dll, TestPluginCache: DataCollectors are ''.
TpTrace Information: 0 : 16400, 1, 2025/05/19, 17:10:08.468, 3904108537671, vstest.console.dll, TestPluginManager.CreateTestExtension: Attempting to load test extension: Microsoft.TestPlatform.Extensions.BlameDataCollector.BlameLogger
TpTrace Verbose: 0 : 16400, 1, 2025/05/19, 17:10:08.468, 3904108544101, vstest.console.dll, TestEngine: Initializing Parallel Execution as MaxCpuCount is set to: 1
TpTrace Information: 0 : 16400, 1, 2025/05/19, 17:10:08.469, 3904108552703, vstest.console.dll, TestPluginManager.CreateTestExtension: Attempting to load test extension: Microsoft.VisualStudio.TestPlatform.CrossPlatEngine.Hosting.DefaultTestHostManager
TpTrace Information: 0 : 16400, 1, 2025/05/19, 17:10:08.470, 3904108558151, vstest.console.dll, TestPluginManager.CreateTestExtension: Attempting to load test extension: Microsoft.VisualStudio.TestPlatform.CrossPlatEngine.Hosting.DotnetTestHostManager
TpTrace Verbose: 0 : 16400, 1, 2025/05/19, 17:10:08.470, 3904108559659, vstest.console.dll, TestHostManagerCallbacks.ctor: Forwarding output is enabled.
TpTrace Information: 0 : 16400, 1, 2025/05/19, 17:10:08.470, 3904108562117, vstest.console.dll, InferRunSettingsHelper.IsTestSettingsEnabled: Unable to navigate to RunSettings/MSTest. Current node: RunSettings
TpTrace Verbose: 0 : 16400, 1, 2025/05/19, 17:10:08.471, 3904108566147, vstest.console.dll, ParallelOperationManager.ClearSlots: Clearing all slots. Slots should accept more work: True
TpTrace Verbose: 0 : 16400, 1, 2025/05/19, 17:10:08.471, 3904108569546, vstest.console.dll, ParallelOperationManager.SetOccupiedSlotCount: Setting slot counts AvailableSlotCount = 1, OccupiedSlotCount = 0.
TpTrace Verbose: 0 : 16400, 1, 2025/05/19, 17:10:08.471, 3904108572352, vstest.console.dll, Occupied slots:

TpTrace Verbose: 0 : 16400, 1, 2025/05/19, 17:10:08.473, 3904108594324, vstest.console.dll, TestEngine.GetExecutionManager: Chosen execution manager 'Microsoft.VisualStudio.TestPlatform.CrossPlatEngine.Client.Parallel.ParallelProxyExecutionManager, Microsoft.TestPlatform.CrossPlatEngine, Version=15.0.0.0, Culture=neutral, PublicKeyToken=b03f5f7f11d50a3a' ParallelLevel '1'.
TpTrace Verbose: 0 : 16400, 1, 2025/05/19, 17:10:08.473, 3904108595816, vstest.console.dll, TestPlatform.GetSkipDefaultAdapters: Not skipping default adapters SkipDefaultAdapters was false.
TpTrace Verbose: 0 : 16400, 1, 2025/05/19, 17:10:08.474, 3904108596602, vstest.console.dll, TestRunRequest.ExecuteAsync: Creating test run request.
TpTrace Verbose: 0 : 16400, 1, 2025/05/19, 17:10:08.474, 3904108598612, vstest.console.dll, TestRunRequest.ExecuteAsync: Starting.
TpTrace Information: 0 : 16400, 1, 2025/05/19, 17:10:08.474, 3904108605898, vstest.console.dll, TestRunRequest.ExecuteAsync: Starting run with settings:TestRunCriteria:
   KeepAlive=False,FrequencyOfRunStatsChangeEvent=10,RunStatsChangeEventTimeout=00:00:01.5000000,TestCaseFilter=,TestExecutorLauncher=
   Settingsxml=<RunSettings>
  <RunConfiguration>
    <ResultsDirectory>D:\Users\pc\Desktop\VictorCsharpBinding-SDK\Tests\TestResults</ResultsDirectory>
    <TargetPlatform>X64</TargetPlatform>
    <TargetFrameworkVersion>.NETCoreApp,Version=v8.0</TargetFrameworkVersion>
    <TestAdaptersPaths>C:\Users\pc\.nuget\packages\coverlet.collector\6.0.2\build\netstandard2.0\</TestAdaptersPaths>
    <DesignMode>False</DesignMode>
    <CollectSourceInformation>False</CollectSourceInformation>
  </RunConfiguration>
  <LoggerRunSettings>
    <Loggers>
      <Logger friendlyName="Microsoft.TestPlatform.MSBuildLogger" assemblyQualifiedName="Microsoft.VisualStudio.TestPlatform.CommandLine.Internal.MSBuildLogger, vstest.console, Version=15.0.0.0, Culture=neutral, PublicKeyToken=b03f5f7f11d50a3a" codeBase="C:\Program Files\dotnet\sdk\9.0.100\vstest.console.dll" enabled="True">
        <Configuration>
          <Verbosity>minimal</Verbosity>
        </Configuration>
      </Logger>
      <Logger friendlyName="blame" enabled="True" />
    </Loggers>
  </LoggerRunSettings>
  <DataCollectionRunSettings>
    <DataCollectors>
      <DataCollector friendlyName="blame" enabled="True">
        <Configuration>
          <ResultsDirectory>D:\Users\pc\Desktop\VictorCsharpBinding-SDK\Tests\TestResults</ResultsDirectory>
        </Configuration>
      </DataCollector>
    </DataCollectors>
  </DataCollectionRunSettings>
</RunSettings>

TpTrace Verbose: 0 : 16400, 1, 2025/05/19, 17:10:08.475, 3904108606490, vstest.console.dll, TestRunRequest.ExecuteAsync: Wait for the first run request is over.
TpTrace Verbose: 0 : 16400, 1, 2025/05/19, 17:10:08.475, 3904108608467, vstest.console.dll, MulticastDelegateUtilities.SafeInvoke: TestRun.TestRunStart: Invoking callbacks was skipped because there are no subscribers.
TpTrace Verbose: 0 : 16400, 1, 2025/05/19, 17:10:08.475, 3904108615255, vstest.console.dll, ParallelProxyExecutionManager: Start execution. Total sources: 1
TpTrace Verbose: 0 : 16400, 1, 2025/05/19, 17:10:08.476, 3904108617519, vstest.console.dll, ParallelOperationManager.StartWork: Starting adding 1 workloads.
TpTrace Verbose: 0 : 16400, 1, 2025/05/19, 17:10:08.476, 3904108618049, vstest.console.dll, ParallelOperationManager.ClearSlots: Clearing all slots. Slots should accept more work: True
TpTrace Verbose: 0 : 16400, 1, 2025/05/19, 17:10:08.476, 3904108618551, vstest.console.dll, ParallelOperationManager.SetOccupiedSlotCount: Setting slot counts AvailableSlotCount = 1, OccupiedSlotCount = 0.
TpTrace Verbose: 0 : 16400, 1, 2025/05/19, 17:10:08.476, 3904108618903, vstest.console.dll, Occupied slots:

TpTrace Verbose: 0 : 16400, 1, 2025/05/19, 17:10:08.477, 3904108626664, vstest.console.dll, TestHostManagerCallbacks.ctor: Forwarding output is enabled.
TpTrace Verbose: 0 : 16400, 1, 2025/05/19, 17:10:08.477, 3904108628189, vstest.console.dll, TestRequestSender is acting as server.
TpTrace Verbose: 0 : 16400, 1, 2025/05/19, 17:10:08.478, 3904108636831, vstest.console.dll, ParallelOperationManager.RunWorkInParallel: Adding 1 workload to slot, remaining workloads 0.
TpTrace Verbose: 0 : 16400, 1, 2025/05/19, 17:10:08.478, 3904108637344, vstest.console.dll, ParallelOperationManager.SetOccupiedSlotCount: Setting slot counts AvailableSlotCount = 0, OccupiedSlotCount = 1.
TpTrace Verbose: 0 : 16400, 1, 2025/05/19, 17:10:08.478, 3904108638041, vstest.console.dll, Occupied slots:
0: D:\Users\pc\Desktop\VictorCsharpBinding-SDK\Tests\bin\Debug\net8.0\VictorBaseDotNET.Tests.dll
TpTrace Verbose: 0 : 16400, 1, 2025/05/19, 17:10:08.479, 3904108647659, vstest.console.dll, ParallelOperationManager.RunWorkInParallel: Started host in slot number 0 for work (source): D:\Users\pc\Desktop\VictorCsharpBinding-SDK\Tests\bin\Debug\net8.0\VictorBaseDotNET.Tests.dll.
TpTrace Verbose: 0 : 16400, 1, 2025/05/19, 17:10:08.479, 3904108653684, vstest.console.dll, ParallelOperationManager.RunWorkInParallel: We started 1 work items, which is the max parallel level. Won't start more work.
TpTrace Verbose: 0 : 16400, 5, 2025/05/19, 17:10:08.479, 3904108653981, vstest.console.dll, ParallelProxyExecutionManager.StartTestRunOnConcurrentManager: Initializing uninitialized client. Started clients: 0
TpTrace Verbose: 0 : 16400, 1, 2025/05/19, 17:10:08.479, 3904108654345, vstest.console.dll, ParallelOperationManager.RunWorkInParallel: We started 1 work items in here, returning True.
TpTrace Information: 0 : 16400, 1, 2025/05/19, 17:10:08.479, 3904108655213, vstest.console.dll, TestRunRequest.ExecuteAsync: Started.
TpTrace Verbose: 0 : 16400, 5, 2025/05/19, 17:10:08.479, 3904108655657, vstest.console.dll, DataCollectionRequestSender.InitializeCommunication : Initialize communication. 
TpTrace Verbose: 0 : 16400, 1, 2025/05/19, 17:10:08.480, 3904108658753, vstest.console.dll, TestRunRequest.WaitForCompletion: Waiting with timeout -1.
TpTrace Information: 0 : 16400, 5, 2025/05/19, 17:10:08.486, 3904108716144, vstest.console.dll, Listening on Endpoint : 127.0.0.1:52438
TpTrace Verbose: 0 : 16400, 5, 2025/05/19, 17:10:08.490, 3904108761378, vstest.console.dll, DotnetDataCollectionLauncher: Adding  --runtimeconfig "C:\Program Files\dotnet\sdk\9.0.100\datacollector.runtimeconfig.json" in args
TpTrace Verbose: 0 : 16400, 5, 2025/05/19, 17:10:08.490, 3904108763138, vstest.console.dll, DotnetDataCollectionLauncher: Adding  --depsfile "C:\Program Files\dotnet\sdk\9.0.100\datacollector.deps.json" in args
TpTrace Verbose: 0 : 16400, 5, 2025/05/19, 17:10:08.490, 3904108764949, vstest.console.dll, DotnetDataCollectionLauncher: Full path of dotnet.exe is C:\Program Files\dotnet\dotnet.exe
TpTrace Information: 0 : 16400, 5, 2025/05/19, 17:10:08.494, 3904108805445, vstest.console.dll, ProxyDataCollectionManager.Initialize: Launched datacollector processId: 10444 port: 52438
TpTrace Information: 0 : 16400, 5, 2025/05/19, 17:10:08.495, 3904108806640, vstest.console.dll, ProxyDataCollectionManager.Initialize: waiting for connection with timeout: 90 seconds
TpTrace Verbose: 0 : 16400, 5, 2025/05/19, 17:10:08.495, 3904108807052, vstest.console.dll, DataCollectionRequestSender.WaitForRequestHandlerConnection : Waiting for connection with timeout: 90000
TpTrace Information: 0 : 16400, 9, 2025/05/19, 17:10:08.593, 3904109793320, vstest.console.dll, Using the buffer size of 16384 bytes
TpTrace Verbose: 0 : 16400, 5, 2025/05/19, 17:10:08.593, 3904109793393, vstest.console.dll, SocketCommunicationManager.WaitForClientConnection took: 98 ms, with 90000 ms timeout, and finished with True.
TpTrace Information: 0 : 16400, 9, 2025/05/19, 17:10:08.593, 3904109794472, vstest.console.dll, Accepted Client request and set the flag
TpTrace Verbose: 0 : 16400, 5, 2025/05/19, 17:10:08.593, 3904109795503, vstest.console.dll, ProxyDataCollectionManager.InvokeDataCollectionServiceAction: Starting.
TpTrace Information: 0 : 16400, 5, 2025/05/19, 17:10:08.594, 3904109796218, vstest.console.dll, ProxyDataCollectionManager.BeforeTestRunStart: Get environment variable and port for datacollector processId: 10444 port: 52438
TpTrace Verbose: 0 : 16400, 5, 2025/05/19, 17:10:08.594, 3904109797130, vstest.console.dll, DataCollectionRequestSender.SendBeforeTestRunStartAndGetResult: Send BeforeTestRunStart message with settingsXml <RunSettings><RunConfiguration><ResultsDirectory>D:\Users\pc\Desktop\VictorCsharpBinding-SDK\Tests\TestResults</ResultsDirectory><TargetPlatform>X64</TargetPlatform><TargetFrameworkVersion>.NETCoreApp,Version=v8.0</TargetFrameworkVersion><TestAdaptersPaths>C:\Users\pc\.nuget\packages\coverlet.collector\6.0.2\build\netstandard2.0\;C:\Program Files\dotnet\sdk\9.0.100\Extensions</TestAdaptersPaths><DesignMode>False</DesignMode><CollectSourceInformation>False</CollectSourceInformation></RunConfiguration><LoggerRunSettings><Loggers><Logger friendlyName="Microsoft.TestPlatform.MSBuildLogger" assemblyQualifiedName="Microsoft.VisualStudio.TestPlatform.CommandLine.Internal.MSBuildLogger, vstest.console, Version=15.0.0.0, Culture=neutral, PublicKeyToken=b03f5f7f11d50a3a" codeBase="C:\Program Files\dotnet\sdk\9.0.100\vstest.console.dll" enabled="True"><Configuration><Verbosity>minimal</Verbosity></Configuration></Logger><Logger friendlyName="blame" enabled="True" /></Loggers></LoggerRunSettings><DataCollectionRunSettings><DataCollectors><DataCollector friendlyName="blame" enabled="True"><Configuration><ResultsDirectory>D:\Users\pc\Desktop\VictorCsharpBinding-SDK\Tests\TestResults</ResultsDirectory></Configuration></DataCollector></DataCollectors></DataCollectionRunSettings></RunSettings> and sources System.Collections.Generic.List`1[System.String]: 
TpTrace Verbose: 0 : 16400, 5, 2025/05/19, 17:10:08.637, 3904110228025, vstest.console.dll, DataCollectionRequestSender.SendBeforeTestRunStartAndGetResult: Received message: (DataCollection.SendMessage) -> {"MessageType":"DataCollection.SendMessage","Payload":{"FriendlyName":null,"Uri":null,"TestCaseId":"00000000-0000-0000-0000-000000000000","Message":"Logging DataCollector Diagnostics in file: D:\\Users\\pc\\Desktop\\VictorCsharpBinding-SDK\\diaglog.datacollector.25-05-19_17-10-08_49033_5.xml","Level":0}}
TpTrace Verbose: 0 : 16400, 5, 2025/05/19, 17:10:08.728, 3904111138940, vstest.console.dll, DataCollectionRequestSender.SendBeforeTestRunStartAndGetResult: Received message: (DataCollection.BeforeTestRunStartResult) -> {"MessageType":"DataCollection.BeforeTestRunStartResult","Payload":{"EnvironmentVariables":{},"DataCollectionEventsPort":52440}}
TpTrace Information: 0 : 16400, 5, 2025/05/19, 17:10:08.731, 3904111172348, vstest.console.dll, ProxyDataCollectionManager.BeforeTestRunStart: SendBeforeTestRunStartAndGetResult successful, env variable from datacollector:   and testhost port: 52440
TpTrace Information: 0 : 16400, 5, 2025/05/19, 17:10:08.731, 3904111173341, vstest.console.dll, ProxyDataCollectionManager.InvokeDataCollectionServiceAction: Completed.
TpTrace Verbose: 0 : 16400, 5, 2025/05/19, 17:10:08.731, 3904111173660, vstest.console.dll, ParallelProxyExecutionManager.StartTestRunOnConcurrentManager: Initializing test run. Started clients: 0
TpTrace Verbose: 0 : 16400, 5, 2025/05/19, 17:10:08.731, 3904111174385, vstest.console.dll, ProxyExecutionManager: Test host is always Lazy initialize.
TpTrace Verbose: 0 : 16400, 5, 2025/05/19, 17:10:08.732, 3904111176323, vstest.console.dll, TestRequestSender.InitializeCommunication: initialize communication. 
TpTrace Information: 0 : 16400, 5, 2025/05/19, 17:10:08.732, 3904111180833, vstest.console.dll, SocketServer.Start: Listening on endpoint : 127.0.0.1:52441
TpTrace Verbose: 0 : 16400, 5, 2025/05/19, 17:10:08.733, 3904111186415, vstest.console.dll, DotnetTestHostmanager.GetTestHostProcessStartInfo: Platform environment 'X64' target architecture 'X64' framework '.NETCoreApp,Version=v8.0' OS 'Windows'
TpTrace Verbose: 0 : 16400, 5, 2025/05/19, 17:10:08.733, 3904111188786, vstest.console.dll, DotnetTestHostmanager: Adding  --runtimeconfig "D:\Users\pc\Desktop\VictorCsharpBinding-SDK\Tests\bin\Debug\net8.0\VictorBaseDotNET.Tests.runtimeconfig.json" in args
TpTrace Verbose: 0 : 16400, 5, 2025/05/19, 17:10:08.733, 3904111190190, vstest.console.dll, DotnetTestHostmanager: Adding  --depsfile "D:\Users\pc\Desktop\VictorCsharpBinding-SDK\Tests\bin\Debug\net8.0\VictorBaseDotNET.Tests.deps.json" in args
TpTrace Verbose: 0 : 16400, 5, 2025/05/19, 17:10:08.733, 3904111191601, vstest.console.dll, DotnetTestHostmanager.IsWinOnArm: Current PROCESSOR_ARCHITECTURE from environment variable 'AMD64'
TpTrace Verbose: 0 : 16400, 5, 2025/05/19, 17:10:08.733, 3904111192150, vstest.console.dll, DotnetTestHostmanager.IsWinOnArm: Is Windows on ARM 'False'
TpTrace Verbose: 0 : 16400, 5, 2025/05/19, 17:10:08.733, 3904111193498, vstest.console.dll, DotnetTestHostManager: testhost.exe found at path: D:\Users\pc\Desktop\VictorCsharpBinding-SDK\Tests\bin\Debug\net8.0\testhost.exe
TpTrace Verbose: 0 : 16400, 5, 2025/05/19, 17:10:08.733, 3904111193918, vstest.console.dll, DotnetTestHostmanager: Full path of host exe is D:\Users\pc\Desktop\VictorCsharpBinding-SDK\Tests\bin\Debug\net8.0\testhost.exe
TpTrace Verbose: 0 : 16400, 5, 2025/05/19, 17:10:08.733, 3904111195076, vstest.console.dll, DotnetTestHostmanager.LaunchTestHostAsync: Found 'VSTEST_WINAPPHOST_DOTNET_ROOT' in env variables, value 'C:\Program Files\dotnet', forwarding to 'DOTNET_ROOT'
TpTrace Verbose: 0 : 16400, 5, 2025/05/19, 17:10:08.734, 3904111196308, vstest.console.dll, DotnetTestHostManager: Starting process 'D:\Users\pc\Desktop\VictorCsharpBinding-SDK\Tests\bin\Debug\net8.0\testhost.exe' with command line ' --runtimeconfig "D:\Users\pc\Desktop\VictorCsharpBinding-SDK\Tests\bin\Debug\net8.0\VictorBaseDotNET.Tests.runtimeconfig.json" --depsfile "D:\Users\pc\Desktop\VictorCsharpBinding-SDK\Tests\bin\Debug\net8.0\VictorBaseDotNET.Tests.deps.json" --port 52441 --endpoint 127.0.0.1:052441 --role client --parentprocessid 16400 --diag "D:\Users\pc\Desktop\VictorCsharpBinding-SDK\diaglog.host.25-05-19_17-10-08_73277_5.xml" --tracelevel 4 --datacollectionport 52440 --telemetryoptedin false'
TpTrace Verbose: 0 : 16400, 5, 2025/05/19, 17:10:08.740, 3904111256956, vstest.console.dll, MulticastDelegateUtilities.SafeInvoke: HostProviderEvents.OnHostLaunched: Invoking callback 1/2 for Microsoft.VisualStudio.TestPlatform.CrossPlatEngine.Client.ProxyExecutionManagerWithDataCollection., took 1 ms.
TpTrace Verbose: 0 : 16400, 5, 2025/05/19, 17:10:08.740, 3904111259631, vstest.console.dll, Test Runtime launched
TpTrace Verbose: 0 : 16400, 5, 2025/05/19, 17:10:08.740, 3904111260535, vstest.console.dll, MulticastDelegateUtilities.SafeInvoke: HostProviderEvents.OnHostLaunched: Invoking callback 2/2 for Microsoft.VisualStudio.TestPlatform.CrossPlatEngine.Client.ProxyOperationManager., took 0 ms.
TpTrace Verbose: 0 : 16400, 5, 2025/05/19, 17:10:08.740, 3904111262017, vstest.console.dll, TestRequestSender.WaitForRequestHandlerConnection: waiting for connection with timeout: 90000.
TpTrace Verbose: 0 : 16400, 5, 2025/05/19, 17:10:08.916, 3904113018953, vstest.console.dll, TestRequestSender.WaitForRequestHandlerConnection: waiting took 175 ms, with timeout 90000 ms, and result 0, which is success.
TpTrace Verbose: 0 : 16400, 12, 2025/05/19, 17:10:08.916, 3904113019955, vstest.console.dll, MulticastDelegateUtilities.SafeInvoke: SocketServer: ClientConnected: Invoking callback 1/1 for Microsoft.VisualStudio.TestPlatform.CommunicationUtilities.TestRequestSender., took 0 ms.
TpTrace Verbose: 0 : 16400, 12, 2025/05/19, 17:10:08.916, 3904113020877, vstest.console.dll, SocketServer.OnClientConnected: Client connected for endPoint: 127.0.0.1:52441, starting MessageLoopAsync:
TpTrace Verbose: 0 : 16400, 13, 2025/05/19, 17:10:08.916, 3904113024974, vstest.console.dll, TcpClientExtensions.MessageLoopAsync: Polling on remoteEndPoint: 127.0.0.1:52446 localEndPoint: 127.0.0.1:52441 after 0 ms
TpTrace Verbose: 0 : 16400, 5, 2025/05/19, 17:10:08.917, 3904113029195, vstest.console.dll, TestRequestSender.CheckVersionWithTestHost: Sending check version message: {"MessageType":"ProtocolVersion","Payload":7}
TpTrace Verbose: 0 : 16400, 13, 2025/05/19, 17:10:09.023, 3904114090616, vstest.console.dll, TcpClientExtensions.MessageLoopAsync: NotifyDataAvailable remoteEndPoint: 127.0.0.1:52446 localEndPoint: 127.0.0.1:52441
TpTrace Verbose: 0 : 16400, 13, 2025/05/19, 17:10:09.023, 3904114093754, vstest.console.dll, TestRequestSender.CheckVersionWithTestHost: onMessageReceived received message: (ProtocolVersion) -> {"MessageType":"ProtocolVersion","Payload":7}
TpTrace Verbose: 0 : 16400, 13, 2025/05/19, 17:10:09.024, 3904114099796, vstest.console.dll, MulticastDelegateUtilities.SafeInvoke: LengthPrefixCommunicationChannel: MessageReceived: Invoking callback 1/1 for Microsoft.VisualStudio.TestPlatform.CommunicationUtilities.TestRequestSender+<>c__DisplayClass29_0., took 0 ms.
TpTrace Verbose: 0 : 16400, 13, 2025/05/19, 17:10:09.024, 3904114100731, vstest.console.dll, TcpClientExtensions.MessageLoopAsync: Polling on remoteEndPoint: 127.0.0.1:52446 localEndPoint: 127.0.0.1:52441 after 107 ms
TpTrace Verbose: 0 : 16400, 5, 2025/05/19, 17:10:09.024, 3904114101122, vstest.console.dll, TestPluginCache.GetExtensionPaths: Filtered extension paths: 
TpTrace Verbose: 0 : 16400, 5, 2025/05/19, 17:10:09.024, 3904114101992, vstest.console.dll, TestPluginCache.GetExtensionPaths: Added default extension paths: C:\Program Files\dotnet\sdk\9.0.100\Extensions\Microsoft.Diagnostics.NETCore.Client.dll
C:\Program Files\dotnet\sdk\9.0.100\Extensions\Microsoft.TestPlatform.Extensions.BlameDataCollector.dll
C:\Program Files\dotnet\sdk\9.0.100\Extensions\Microsoft.TestPlatform.Extensions.EventLogCollector.dll
C:\Program Files\dotnet\sdk\9.0.100\Extensions\Microsoft.TestPlatform.TestHostRuntimeProvider.dll
C:\Program Files\dotnet\sdk\9.0.100\Extensions\Microsoft.VisualStudio.TestPlatform.Extensions.Html.TestLogger.dll
C:\Program Files\dotnet\sdk\9.0.100\Extensions\Microsoft.VisualStudio.TestPlatform.Extensions.Trx.TestLogger.dll
TpTrace Verbose: 0 : 16400, 5, 2025/05/19, 17:10:09.024, 3904114102555, vstest.console.dll, TestPluginCache.GetExtensionPaths: Added unfilterableExtensionPaths: 
TpTrace Verbose: 0 : 16400, 5, 2025/05/19, 17:10:09.027, 3904114131918, vstest.console.dll, TestRequestSender.InitializeExecution: Sending initialize execution with message: {"Version":7,"MessageType":"TestExecution.Initialize","Payload":["D:\\Users\\pc\\Desktop\\VictorCsharpBinding-SDK\\Tests\\bin\\Debug\\net8.0\\NUnit3.TestAdapter.dll"]}
TpTrace Verbose: 0 : 16400, 5, 2025/05/19, 17:10:09.028, 3904114136256, vstest.console.dll, ParallelProxyExecutionManager.StartTestRunOnConcurrentManager: Execution starting. Started clients: 1
TpTrace Verbose: 0 : 16400, 5, 2025/05/19, 17:10:09.028, 3904114139555, vstest.console.dll, TestRunRequest:SendTestRunMessage: Starting.
TpTrace Verbose: 0 : 16400, 5, 2025/05/19, 17:10:09.028, 3904114141822, vstest.console.dll, MulticastDelegateUtilities.SafeInvoke: TestRun.LogMessages: Invoking callback 1/1 for Microsoft.VisualStudio.TestPlatform.CommandLine.TestRunResultAggregator., took 0 ms.
TpTrace Information: 0 : 16400, 5, 2025/05/19, 17:10:09.028, 3904114142367, vstest.console.dll, TestRunRequest:SendTestRunMessage: Completed.
TpTrace Verbose: 0 : 16400, 4, 2025/05/19, 17:10:09.028, 3904114144944, vstest.console.dll, MulticastDelegateUtilities.SafeInvoke: InternalTestLoggerEvents.SendTestRunMessage: Invoking callback 1/1 for Microsoft.VisualStudio.TestPlatform.CommandLine.Internal.MSBuildLogger., took 0 ms.
TpTrace Warning: 0 : 16400, 5, 2025/05/19, 17:10:09.028, 3904114145497, vstest.console.dll, InferRunSettingsHelper.MakeRunsettingsCompatible: Removing the following settings: TargetPlatform from RunSettings file. To use those settings please move to latest version of Microsoft.NET.Test.Sdk
TpTrace Verbose: 0 : 16400, 13, 2025/05/19, 17:10:09.030, 3904114157721, vstest.console.dll, TcpClientExtensions.MessageLoopAsync: NotifyDataAvailable remoteEndPoint: 127.0.0.1:52446 localEndPoint: 127.0.0.1:52441
TpTrace Verbose: 0 : 16400, 13, 2025/05/19, 17:10:09.030, 3904114162789, vstest.console.dll, TestRequestSender.OnExecutionMessageReceived: Received message: {"Version":7,"MessageType":"TestSession.Message","Payload":{"MessageLevel":0,"Message":"Registrando diagnstico de TestHost en el archivo: D:\\Users\\pc\\Desktop\\VictorCsharpBinding-SDK\\diaglog.host.25-05-19_17-10-08_73277_5.xml"}}
TpTrace Verbose: 0 : 16400, 13, 2025/05/19, 17:10:09.033, 3904114187123, vstest.console.dll, TestRunRequest:SendTestRunMessage: Starting.
TpTrace Verbose: 0 : 16400, 13, 2025/05/19, 17:10:09.033, 3904114189197, vstest.console.dll, MulticastDelegateUtilities.SafeInvoke: TestRun.LogMessages: Invoking callback 1/1 for Microsoft.VisualStudio.TestPlatform.CommandLine.TestRunResultAggregator., took 0 ms.
TpTrace Information: 0 : 16400, 13, 2025/05/19, 17:10:09.033, 3904114189806, vstest.console.dll, TestRunRequest:SendTestRunMessage: Completed.
TpTrace Verbose: 0 : 16400, 4, 2025/05/19, 17:10:09.033, 3904114190226, vstest.console.dll, MulticastDelegateUtilities.SafeInvoke: InternalTestLoggerEvents.SendTestRunMessage: Invoking callback 1/1 for Microsoft.VisualStudio.TestPlatform.CommandLine.Internal.MSBuildLogger., took 0 ms.
TpTrace Verbose: 0 : 16400, 13, 2025/05/19, 17:10:09.033, 3904114190354, vstest.console.dll, MulticastDelegateUtilities.SafeInvoke: LengthPrefixCommunicationChannel: MessageReceived: Invoking callback 1/1 for Microsoft.VisualStudio.TestPlatform.CommunicationUtilities.TestRequestSender+<>c__DisplayClass34_0., took 3 ms.
TpTrace Verbose: 0 : 16400, 13, 2025/05/19, 17:10:09.033, 3904114191565, vstest.console.dll, TcpClientExtensions.MessageLoopAsync: Polling on remoteEndPoint: 127.0.0.1:52446 localEndPoint: 127.0.0.1:52441 after 8 ms
TpTrace Verbose: 0 : 16400, 5, 2025/05/19, 17:10:09.035, 3904114210013, vstest.console.dll, TestRequestSender.StartTestRun: Sending test run with message: {"Version":7,"MessageType":"TestExecution.StartWithSources","Payload":{"AdapterSourceMap":{"_none_":["D:\\Users\\pc\\Desktop\\VictorCsharpBinding-SDK\\Tests\\bin\\Debug\\net8.0\\VictorBaseDotNET.Tests.dll"]},"RunSettings":"<RunSettings>\r\n  <RunConfiguration>\r\n    <ResultsDirectory>D:\\Users\\pc\\Desktop\\VictorCsharpBinding-SDK\\Tests\\TestResults</ResultsDirectory>\r\n    <TargetFrameworkVersion>.NETCoreApp,Version=v8.0</TargetFrameworkVersion>\r\n    <TestAdaptersPaths>C:\\Users\\pc\\.nuget\\packages\\coverlet.collector\\6.0.2\\build\\netstandard2.0\\</TestAdaptersPaths>\r\n    <DesignMode>False</DesignMode>\r\n    <CollectSourceInformation>False</CollectSourceInformation>\r\n  </RunConfiguration>\r\n  <LoggerRunSettings>\r\n    <Loggers>\r\n      <Logger friendlyName=\"Microsoft.TestPlatform.MSBuildLogger\" assemblyQualifiedName=\"Microsoft.VisualStudio.TestPlatform.CommandLine.Internal.MSBuildLogger, vstest.console, Version=15.0.0.0, Culture=neutral, PublicKeyToken=b03f5f7f11d50a3a\" codeBase=\"C:\\Program Files\\dotnet\\sdk\\9.0.100\\vstest.console.dll\" enabled=\"True\">\r\n        <Configuration>\r\n          <Verbosity>minimal</Verbosity>\r\n        </Configuration>\r\n      </Logger>\r\n      <Logger friendlyName=\"blame\" enabled=\"True\" />\r\n    </Loggers>\r\n  </LoggerRunSettings>\r\n  <DataCollectionRunSettings>\r\n    <DataCollectors>\r\n      <DataCollector friendlyName=\"blame\" enabled=\"True\">\r\n        <Configuration>\r\n          <ResultsDirectory>D:\\Users\\pc\\Desktop\\VictorCsharpBinding-SDK\\Tests\\TestResults</ResultsDirectory>\r\n        </Configuration>\r\n      </DataCollector>\r\n    </DataCollectors>\r\n  </DataCollectionRunSettings>\r\n</RunSettings>","TestExecutionContext":{"FrequencyOfRunStatsChangeEvent":10,"RunStatsChangeEventTimeout":"00:00:01.5000000","InIsolation":false,"KeepAlive":false,"AreTestCaseLevelEventsRequired":false,"IsDebug":false,"TestCaseFilter":null,"FilterOptions":null},"Package":null}}
TpTrace Verbose: 0 : 16400, 5, 2025/05/19, 17:10:09.035, 3904114212354, vstest.console.dll, ParallelProxyExecutionManager.StartTestRunOnConcurrentManager: Execution started. Started clients: 1
TpTrace Verbose: 0 : 16400, 13, 2025/05/19, 17:10:09.145, 3904115308898, vstest.console.dll, TcpClientExtensions.MessageLoopAsync: NotifyDataAvailable remoteEndPoint: 127.0.0.1:52446 localEndPoint: 127.0.0.1:52441
TpTrace Verbose: 0 : 16400, 13, 2025/05/19, 17:10:09.145, 3904115310685, vstest.console.dll, TestRequestSender.OnExecutionMessageReceived: Received message: {"Version":7,"MessageType":"TestSession.Message","Payload":{"MessageLevel":0,"Message":"NUnit Adapter 4.6.0.0: Test execution started"}}
TpTrace Verbose: 0 : 16400, 13, 2025/05/19, 17:10:09.145, 3904115312501, vstest.console.dll, TestRunRequest:SendTestRunMessage: Starting.
TpTrace Verbose: 0 : 16400, 13, 2025/05/19, 17:10:09.145, 3904115313099, vstest.console.dll, MulticastDelegateUtilities.SafeInvoke: TestRun.LogMessages: Invoking callback 1/1 for Microsoft.VisualStudio.TestPlatform.CommandLine.TestRunResultAggregator., took 0 ms.
TpTrace Information: 0 : 16400, 13, 2025/05/19, 17:10:09.145, 3904115313393, vstest.console.dll, TestRunRequest:SendTestRunMessage: Completed.
TpTrace Verbose: 0 : 16400, 13, 2025/05/19, 17:10:09.145, 3904115313634, vstest.console.dll, MulticastDelegateUtilities.SafeInvoke: LengthPrefixCommunicationChannel: MessageReceived: Invoking callback 1/1 for Microsoft.VisualStudio.TestPlatform.CommunicationUtilities.TestRequestSender+<>c__DisplayClass34_0., took 0 ms.
TpTrace Verbose: 0 : 16400, 4, 2025/05/19, 17:10:09.145, 3904115313889, vstest.console.dll, MulticastDelegateUtilities.SafeInvoke: InternalTestLoggerEvents.SendTestRunMessage: Invoking callback 1/1 for Microsoft.VisualStudio.TestPlatform.CommandLine.Internal.MSBuildLogger., took 0 ms.
TpTrace Verbose: 0 : 16400, 13, 2025/05/19, 17:10:09.145, 3904115313963, vstest.console.dll, TcpClientExtensions.MessageLoopAsync: Polling on remoteEndPoint: 127.0.0.1:52446 localEndPoint: 127.0.0.1:52441 after 112 ms
TpTrace Verbose: 0 : 16400, 13, 2025/05/19, 17:10:09.161, 3904115475252, vstest.console.dll, TcpClientExtensions.MessageLoopAsync: NotifyDataAvailable remoteEndPoint: 127.0.0.1:52446 localEndPoint: 127.0.0.1:52441
TpTrace Verbose: 0 : 16400, 13, 2025/05/19, 17:10:09.162, 3904115477151, vstest.console.dll, TestRequestSender.OnExecutionMessageReceived: Received message: {"Version":7,"MessageType":"TestSession.Message","Payload":{"MessageLevel":0,"Message":"Running all tests in D:\\Users\\pc\\Desktop\\VictorCsharpBinding-SDK\\Tests\\bin\\Debug\\net8.0\\VictorBaseDotNET.Tests.dll"}}
TpTrace Verbose: 0 : 16400, 13, 2025/05/19, 17:10:09.162, 3904115478741, vstest.console.dll, TestRunRequest:SendTestRunMessage: Starting.
TpTrace Verbose: 0 : 16400, 13, 2025/05/19, 17:10:09.162, 3904115479582, vstest.console.dll, MulticastDelegateUtilities.SafeInvoke: TestRun.LogMessages: Invoking callback 1/1 for Microsoft.VisualStudio.TestPlatform.CommandLine.TestRunResultAggregator., took 0 ms.
TpTrace Information: 0 : 16400, 13, 2025/05/19, 17:10:09.162, 3904115480105, vstest.console.dll, TestRunRequest:SendTestRunMessage: Completed.
TpTrace Verbose: 0 : 16400, 4, 2025/05/19, 17:10:09.162, 3904115480402, vstest.console.dll, MulticastDelegateUtilities.SafeInvoke: InternalTestLoggerEvents.SendTestRunMessage: Invoking callback 1/1 for Microsoft.VisualStudio.TestPlatform.CommandLine.Internal.MSBuildLogger., took 0 ms.
TpTrace Verbose: 0 : 16400, 13, 2025/05/19, 17:10:09.162, 3904115481308, vstest.console.dll, MulticastDelegateUtilities.SafeInvoke: LengthPrefixCommunicationChannel: MessageReceived: Invoking callback 1/1 for Microsoft.VisualStudio.TestPlatform.CommunicationUtilities.TestRequestSender+<>c__DisplayClass34_0., took 0 ms.
TpTrace Verbose: 0 : 16400, 13, 2025/05/19, 17:10:09.162, 3904115481892, vstest.console.dll, TcpClientExtensions.MessageLoopAsync: Polling on remoteEndPoint: 127.0.0.1:52446 localEndPoint: 127.0.0.1:52441 after 16 ms
TpTrace Verbose: 0 : 16400, 13, 2025/05/19, 17:10:09.228, 3904116142020, vstest.console.dll, TcpClientExtensions.MessageLoopAsync: NotifyDataAvailable remoteEndPoint: 127.0.0.1:52446 localEndPoint: 127.0.0.1:52441
TpTrace Verbose: 0 : 16400, 13, 2025/05/19, 17:10:09.228, 3904116143491, vstest.console.dll, TestRequestSender.OnExecutionMessageReceived: Received message: {"Version":7,"MessageType":"TestSession.Message","Payload":{"MessageLevel":0,"Message":"   NUnit3TestExecutor discovered 17 of 17 NUnit test cases using Current Discovery mode, Non-Explicit run"}}
TpTrace Verbose: 0 : 16400, 13, 2025/05/19, 17:10:09.228, 3904116144653, vstest.console.dll, TestRunRequest:SendTestRunMessage: Starting.
TpTrace Verbose: 0 : 16400, 13, 2025/05/19, 17:10:09.228, 3904116145138, vstest.console.dll, MulticastDelegateUtilities.SafeInvoke: TestRun.LogMessages: Invoking callback 1/1 for Microsoft.VisualStudio.TestPlatform.CommandLine.TestRunResultAggregator., took 0 ms.
TpTrace Information: 0 : 16400, 13, 2025/05/19, 17:10:09.228, 3904116145424, vstest.console.dll, TestRunRequest:SendTestRunMessage: Completed.
TpTrace Verbose: 0 : 16400, 13, 2025/05/19, 17:10:09.228, 3904116145718, vstest.console.dll, MulticastDelegateUtilities.SafeInvoke: LengthPrefixCommunicationChannel: MessageReceived: Invoking callback 1/1 for Microsoft.VisualStudio.TestPlatform.CommunicationUtilities.TestRequestSender+<>c__DisplayClass34_0., took 0 ms.
TpTrace Verbose: 0 : 16400, 4, 2025/05/19, 17:10:09.228, 3904116145888, vstest.console.dll, MulticastDelegateUtilities.SafeInvoke: InternalTestLoggerEvents.SendTestRunMessage: Invoking callback 1/1 for Microsoft.VisualStudio.TestPlatform.CommandLine.Internal.MSBuildLogger., took 0 ms.
TpTrace Verbose: 0 : 16400, 13, 2025/05/19, 17:10:09.228, 3904116145963, vstest.console.dll, TcpClientExtensions.MessageLoopAsync: Polling on remoteEndPoint: 127.0.0.1:52446 localEndPoint: 127.0.0.1:52441 after 66 ms
TpTrace Verbose: 0 : 16400, 13, 2025/05/19, 17:10:09.360, 3904117465808, vstest.console.dll, TcpClientExtensions.MessageLoopAsync: NotifyDataAvailable remoteEndPoint: 127.0.0.1:52446 localEndPoint: 127.0.0.1:52441
TpTrace Verbose: 0 : 16400, 13, 2025/05/19, 17:10:09.361, 3904117467562, vstest.console.dll, TestRequestSender.OnExecutionMessageReceived: Received message: {"Version":7,"MessageType":"TestSession.Message","Payload":{"MessageLevel":0,"Message":"Creando NativeMethodsWindows\r\n"}}
TpTrace Verbose: 0 : 16400, 13, 2025/05/19, 17:10:09.361, 3904117469100, vstest.console.dll, TestRunRequest:SendTestRunMessage: Starting.
TpTrace Verbose: 0 : 16400, 13, 2025/05/19, 17:10:09.361, 3904117469829, vstest.console.dll, MulticastDelegateUtilities.SafeInvoke: TestRun.LogMessages: Invoking callback 1/1 for Microsoft.VisualStudio.TestPlatform.CommandLine.TestRunResultAggregator., took 0 ms.
TpTrace Information: 0 : 16400, 13, 2025/05/19, 17:10:09.361, 3904117470277, vstest.console.dll, TestRunRequest:SendTestRunMessage: Completed.
TpTrace Verbose: 0 : 16400, 4, 2025/05/19, 17:10:09.361, 3904117470665, vstest.console.dll, MulticastDelegateUtilities.SafeInvoke: InternalTestLoggerEvents.SendTestRunMessage: Invoking callback 1/1 for Microsoft.VisualStudio.TestPlatform.CommandLine.Internal.MSBuildLogger., took 0 ms.
TpTrace Verbose: 0 : 16400, 13, 2025/05/19, 17:10:09.361, 3904117470727, vstest.console.dll, MulticastDelegateUtilities.SafeInvoke: LengthPrefixCommunicationChannel: MessageReceived: Invoking callback 1/1 for Microsoft.VisualStudio.TestPlatform.CommunicationUtilities.TestRequestSender+<>c__DisplayClass34_0., took 0 ms.
TpTrace Verbose: 0 : 16400, 13, 2025/05/19, 17:10:09.361, 3904117471760, vstest.console.dll, TcpClientExtensions.MessageLoopAsync: Polling on remoteEndPoint: 127.0.0.1:52446 localEndPoint: 127.0.0.1:52441 after 132 ms
TpTrace Verbose: 0 : 16400, 13, 2025/05/19, 17:10:10.369, 3904127550072, vstest.console.dll, TcpClientExtensions.MessageLoopAsync: Polling on remoteEndPoint: 127.0.0.1:52446 localEndPoint: 127.0.0.1:52441 after 1007 ms
TpTrace Verbose: 0 : 16400, 13, 2025/05/19, 17:10:10.627, 3904130129037, vstest.console.dll, TcpClientExtensions.MessageLoopAsync: NotifyDataAvailable remoteEndPoint: 127.0.0.1:52446 localEndPoint: 127.0.0.1:52441
TpTrace Verbose: 0 : 16400, 13, 2025/05/19, 17:10:10.627, 3904130131946, vstest.console.dll, TestRequestSender.OnExecutionMessageReceived: Received message: {"Version":7,"MessageType":"TestExecution.StatsChange","Payload":{"NewTestResults":[{"TestCase":{"Id":"63927dc2-c3b6-5859-b7d6-f1b5f759f620","FullyQualifiedName":"Victor.Tests.VictorSDKTests.Benchmark_Insert_5000_FLAT","DisplayName":"Benchmark_Insert_5000_FLAT","ExecutorUri":"executor://NUnit3TestExecutor","Source":"D:\\Users\\pc\\Desktop\\VictorCsharpBinding-SDK\\Tests\\bin\\Debug\\net8.0\\VictorBaseDotNET.Tests.dll","CodeFilePath":null,"LineNumber":0,"Properties":[{"Key":{"Id":"NUnit.Seed","Label":"Seed","Category":"","Description":"","Attributes":0,"ValueType":"System.String"},"Value":"120879031"}]},"Attachments":[],"Outcome":1,"ErrorMessage":null,"ErrorStackTrace":null,"DisplayName":"Benchmark_Insert_5000_FLAT","Messages":[{"Category":"StdOutMsgs","Text":"Creando NativeMethodsWindows\r\n"}],"ComputerName":"PCR5600","Duration":"00:00:00.1014010","StartTime":"2025-05-19T20:10:09.2455765+00:00","EndTime":"2025-05-19T20:10:09.3469243+00:00","Properties":[{"Key":{"Id":"NUnit.Seed","Label":"Seed","Category":"","Description":"","Attributes":0,"ValueType":"System.String"},"Value":"120879031"}]}],"TestRunStatistics":{"ExecutedTests":1,"Stats":{"Passed":1}},"ActiveTests":[{"Id":"b8ecc9d4-913c-1677-0fc5-f0de348eb1ac","FullyQualifiedName":"Victor.Tests.VictorSDKTests.Benchmark_Insert_5000_HNSW","DisplayName":"Benchmark_Insert_5000_HNSW","ExecutorUri":"executor://NUnit3TestExecutor","Source":"D:\\Users\\pc\\Desktop\\VictorCsharpBinding-SDK\\Tests\\bin\\Debug\\net8.0\\VictorBaseDotNET.Tests.dll","CodeFilePath":null,"LineNumber":0,"Properties":[{"Key":{"Id":"NUnit.Seed","Label":"Seed","Category":"","Description":"","Attributes":0,"ValueType":"System.String"},"Value":"334104480"}]}]}}
TpTrace Verbose: 0 : 16400, 13, 2025/05/19, 17:10:10.655, 3904130412093, vstest.console.dll, TestRunRequest:SendTestRunStatsChange: Starting.
TpTrace Verbose: 0 : 16400, 13, 2025/05/19, 17:10:10.655, 3904130414029, vstest.console.dll, InProgress is Benchmark_Insert_5000_HNSW
TpTrace Verbose: 0 : 16400, 13, 2025/05/19, 17:10:10.656, 3904130416412, vstest.console.dll, MulticastDelegateUtilities.SafeInvoke: TestRun.RunStatsChanged: Invoking callbacks was skipped because there are no subscribers.
TpTrace Information: 0 : 16400, 13, 2025/05/19, 17:10:10.656, 3904130416950, vstest.console.dll, TestRunRequest:SendTestRunStatsChange: Completed.
TpTrace Verbose: 0 : 16400, 13, 2025/05/19, 17:10:10.656, 3904130417591, vstest.console.dll, MulticastDelegateUtilities.SafeInvoke: LengthPrefixCommunicationChannel: MessageReceived: Invoking callback 1/1 for Microsoft.VisualStudio.TestPlatform.CommunicationUtilities.TestRequestSender+<>c__DisplayClass34_0., took 28 ms.
TpTrace Verbose: 0 : 16400, 13, 2025/05/19, 17:10:10.656, 3904130418171, vstest.console.dll, TcpClientExtensions.MessageLoopAsync: Polling on remoteEndPoint: 127.0.0.1:52446 localEndPoint: 127.0.0.1:52441 after 286 ms
TpTrace Verbose: 0 : 16400, 4, 2025/05/19, 17:10:10.656, 3904130417612, vstest.console.dll, MulticastDelegateUtilities.SafeInvoke: InternalTestLoggerEvents.SendTestResult: Invoking callback 1/1 for Microsoft.VisualStudio.TestPlatform.CommandLine.Internal.MSBuildLogger., took 0 ms.
TpTrace Verbose: 0 : 16400, 13, 2025/05/19, 17:10:11.658, 3904140441962, vstest.console.dll, TcpClientExtensions.MessageLoopAsync: Polling on remoteEndPoint: 127.0.0.1:52446 localEndPoint: 127.0.0.1:52441 after 1002 ms
TpTrace Verbose: 0 : 16400, 13, 2025/05/19, 17:10:12.659, 3904150450534, vstest.console.dll, TcpClientExtensions.MessageLoopAsync: Polling on remoteEndPoint: 127.0.0.1:52446 localEndPoint: 127.0.0.1:52441 after 1000 ms
TpTrace Verbose: 0 : 16400, 13, 2025/05/19, 17:10:13.662, 3904160479858, vstest.console.dll, TcpClientExtensions.MessageLoopAsync: Polling on remoteEndPoint: 127.0.0.1:52446 localEndPoint: 127.0.0.1:52441 after 1002 ms
TpTrace Verbose: 0 : 16400, 13, 2025/05/19, 17:10:13.810, 3904161960640, vstest.console.dll, TcpClientExtensions.MessageLoopAsync: NotifyDataAvailable remoteEndPoint: 127.0.0.1:52446 localEndPoint: 127.0.0.1:52441
TpTrace Verbose: 0 : 16400, 13, 2025/05/19, 17:10:13.810, 3904161962344, vstest.console.dll, TestRequestSender.OnExecutionMessageReceived: Received message: {"Version":7,"MessageType":"TestSession.Message","Payload":{"MessageLevel":0,"Message":"Creando NativeMethodsWindows\r\n"}}
TpTrace Verbose: 0 : 16400, 13, 2025/05/19, 17:10:13.810, 3904161963796, vstest.console.dll, TestRunRequest:SendTestRunMessage: Starting.
TpTrace Verbose: 0 : 16400, 13, 2025/05/19, 17:10:13.810, 3904161964522, vstest.console.dll, MulticastDelegateUtilities.SafeInvoke: TestRun.LogMessages: Invoking callback 1/1 for Microsoft.VisualStudio.TestPlatform.CommandLine.TestRunResultAggregator., took 0 ms.
TpTrace Information: 0 : 16400, 13, 2025/05/19, 17:10:13.810, 3904161965004, vstest.console.dll, TestRunRequest:SendTestRunMessage: Completed.
TpTrace Verbose: 0 : 16400, 13, 2025/05/19, 17:10:13.810, 3904161965400, vstest.console.dll, MulticastDelegateUtilities.SafeInvoke: LengthPrefixCommunicationChannel: MessageReceived: Invoking callback 1/1 for Microsoft.VisualStudio.TestPlatform.CommunicationUtilities.TestRequestSender+<>c__DisplayClass34_0., took 0 ms.
TpTrace Verbose: 0 : 16400, 4, 2025/05/19, 17:10:13.810, 3904161965476, vstest.console.dll, MulticastDelegateUtilities.SafeInvoke: InternalTestLoggerEvents.SendTestRunMessage: Invoking callback 1/1 for Microsoft.VisualStudio.TestPlatform.CommandLine.Internal.MSBuildLogger., took 0 ms.
TpTrace Verbose: 0 : 16400, 13, 2025/05/19, 17:10:13.810, 3904161966002, vstest.console.dll, TcpClientExtensions.MessageLoopAsync: Polling on remoteEndPoint: 127.0.0.1:52446 localEndPoint: 127.0.0.1:52441 after 148 ms
TpTrace Verbose: 0 : 16400, 13, 2025/05/19, 17:10:13.814, 3904162002164, vstest.console.dll, TcpClientExtensions.MessageLoopAsync: NotifyDataAvailable remoteEndPoint: 127.0.0.1:52446 localEndPoint: 127.0.0.1:52441
TpTrace Verbose: 0 : 16400, 13, 2025/05/19, 17:10:13.814, 3904162003796, vstest.console.dll, TestRequestSender.OnExecutionMessageReceived: Received message: {"Version":7,"MessageType":"TestExecution.StatsChange","Payload":{"NewTestResults":[{"TestCase":{"Id":"b8ecc9d4-913c-1677-0fc5-f0de348eb1ac","FullyQualifiedName":"Victor.Tests.VictorSDKTests.Benchmark_Insert_5000_HNSW","DisplayName":"Benchmark_Insert_5000_HNSW","ExecutorUri":"executor://NUnit3TestExecutor","Source":"D:\\Users\\pc\\Desktop\\VictorCsharpBinding-SDK\\Tests\\bin\\Debug\\net8.0\\VictorBaseDotNET.Tests.dll","CodeFilePath":null,"LineNumber":0,"Properties":[{"Key":{"Id":"NUnit.Seed","Label":"Seed","Category":"","Description":"","Attributes":0,"ValueType":"System.String"},"Value":"334104480"}]},"Attachments":[],"Outcome":1,"ErrorMessage":null,"ErrorStackTrace":null,"DisplayName":"Benchmark_Insert_5000_HNSW","Messages":[{"Category":"StdOutMsgs","Text":"Creando NativeMethodsWindows\r\n"}],"ComputerName":"PCR5600","Duration":"00:00:04.4577460","StartTime":"2025-05-19T20:10:09.3483347+00:00","EndTime":"2025-05-19T20:10:13.8060798+00:00","Properties":[{"Key":{"Id":"NUnit.Seed","Label":"Seed","Category":"","Description":"","Attributes":0,"ValueType":"System.String"},"Value":"334104480"}]}],"TestRunStatistics":{"ExecutedTests":2,"Stats":{"Passed":2}},"ActiveTests":[{"Id":"9b233775-3a8c-dd5f-0ff9-800bc1b1c772","FullyQualifiedName":"Victor.Tests.VictorSDKTests.Benchmark_Insert_5000_NSW","DisplayName":"Benchmark_Insert_5000_NSW","ExecutorUri":"executor://NUnit3TestExecutor","Source":"D:\\Users\\pc\\Desktop\\VictorCsharpBinding-SDK\\Tests\\bin\\Debug\\net8.0\\VictorBaseDotNET.Tests.dll","CodeFilePath":null,"LineNumber":0,"Properties":[{"Key":{"Id":"NUnit.Seed","Label":"Seed","Category":"","Description":"","Attributes":0,"ValueType":"System.String"},"Value":"1178088271"}]}]}}
TpTrace Verbose: 0 : 16400, 13, 2025/05/19, 17:10:13.815, 3904162012863, vstest.console.dll, TestRunRequest:SendTestRunStatsChange: Starting.
TpTrace Verbose: 0 : 16400, 13, 2025/05/19, 17:10:13.815, 3904162013440, vstest.console.dll, InProgress is Benchmark_Insert_5000_NSW
TpTrace Verbose: 0 : 16400, 13, 2025/05/19, 17:10:13.815, 3904162014096, vstest.console.dll, MulticastDelegateUtilities.SafeInvoke: TestRun.RunStatsChanged: Invoking callbacks was skipped because there are no subscribers.
TpTrace Information: 0 : 16400, 13, 2025/05/19, 17:10:13.815, 3904162014515, vstest.console.dll, TestRunRequest:SendTestRunStatsChange: Completed.
TpTrace Verbose: 0 : 16400, 13, 2025/05/19, 17:10:13.815, 3904162014838, vstest.console.dll, MulticastDelegateUtilities.SafeInvoke: LengthPrefixCommunicationChannel: MessageReceived: Invoking callback 1/1 for Microsoft.VisualStudio.TestPlatform.CommunicationUtilities.TestRequestSender+<>c__DisplayClass34_0., took 1 ms.
TpTrace Verbose: 0 : 16400, 13, 2025/05/19, 17:10:13.815, 3904162015198, vstest.console.dll, TcpClientExtensions.MessageLoopAsync: Polling on remoteEndPoint: 127.0.0.1:52446 localEndPoint: 127.0.0.1:52441 after 4 ms
TpTrace Verbose: 0 : 16400, 4, 2025/05/19, 17:10:13.816, 3904162016159, vstest.console.dll, MulticastDelegateUtilities.SafeInvoke: InternalTestLoggerEvents.SendTestResult: Invoking callback 1/1 for Microsoft.VisualStudio.TestPlatform.CommandLine.Internal.MSBuildLogger., took 0 ms.
TpTrace Verbose: 0 : 16400, 13, 2025/05/19, 17:10:13.995, 3904163814741, vstest.console.dll, TcpClientExtensions.MessageLoopAsync: NotifyDataAvailable remoteEndPoint: 127.0.0.1:52446 localEndPoint: 127.0.0.1:52441
TpTrace Verbose: 0 : 16400, 13, 2025/05/19, 17:10:13.996, 3904163816046, vstest.console.dll, TestRequestSender.OnExecutionMessageReceived: Received message: {"Version":7,"MessageType":"TestSession.Message","Payload":{"MessageLevel":0,"Message":"Creando NativeMethodsWindows\r\n"}}
TpTrace Verbose: 0 : 16400, 13, 2025/05/19, 17:10:13.996, 3904163817044, vstest.console.dll, TestRunRequest:SendTestRunMessage: Starting.
TpTrace Verbose: 0 : 16400, 13, 2025/05/19, 17:10:13.996, 3904163817606, vstest.console.dll, MulticastDelegateUtilities.SafeInvoke: TestRun.LogMessages: Invoking callback 1/1 for Microsoft.VisualStudio.TestPlatform.CommandLine.TestRunResultAggregator., took 0 ms.
TpTrace Information: 0 : 16400, 13, 2025/05/19, 17:10:13.996, 3904163817848, vstest.console.dll, TestRunRequest:SendTestRunMessage: Completed.
TpTrace Verbose: 0 : 16400, 13, 2025/05/19, 17:10:13.996, 3904163818060, vstest.console.dll, MulticastDelegateUtilities.SafeInvoke: LengthPrefixCommunicationChannel: MessageReceived: Invoking callback 1/1 for Microsoft.VisualStudio.TestPlatform.CommunicationUtilities.TestRequestSender+<>c__DisplayClass34_0., took 0 ms.
TpTrace Verbose: 0 : 16400, 13, 2025/05/19, 17:10:13.996, 3904163818280, vstest.console.dll, TcpClientExtensions.MessageLoopAsync: Polling on remoteEndPoint: 127.0.0.1:52446 localEndPoint: 127.0.0.1:52441 after 180 ms
TpTrace Verbose: 0 : 16400, 4, 2025/05/19, 17:10:13.996, 3904163818364, vstest.console.dll, MulticastDelegateUtilities.SafeInvoke: InternalTestLoggerEvents.SendTestRunMessage: Invoking callback 1/1 for Microsoft.VisualStudio.TestPlatform.CommandLine.Internal.MSBuildLogger., took 0 ms.
TpTrace Verbose: 0 : 16400, 13, 2025/05/19, 17:10:13.999, 3904163849901, vstest.console.dll, TcpClientExtensions.MessageLoopAsync: NotifyDataAvailable remoteEndPoint: 127.0.0.1:52446 localEndPoint: 127.0.0.1:52441
TpTrace Verbose: 0 : 16400, 13, 2025/05/19, 17:10:13.999, 3904163851163, vstest.console.dll, TestRequestSender.OnExecutionMessageReceived: Received message: {"Version":7,"MessageType":"TestSession.Message","Payload":{"MessageLevel":0,"Message":"Creando NativeMethodsWindows\r\n"}}
TpTrace Verbose: 0 : 16400, 13, 2025/05/19, 17:10:13.999, 3904163852207, vstest.console.dll, TestRunRequest:SendTestRunMessage: Starting.
TpTrace Verbose: 0 : 16400, 13, 2025/05/19, 17:10:13.999, 3904163852661, vstest.console.dll, MulticastDelegateUtilities.SafeInvoke: TestRun.LogMessages: Invoking callback 1/1 for Microsoft.VisualStudio.TestPlatform.CommandLine.TestRunResultAggregator., took 0 ms.
TpTrace Information: 0 : 16400, 13, 2025/05/19, 17:10:13.999, 3904163852893, vstest.console.dll, TestRunRequest:SendTestRunMessage: Completed.
TpTrace Verbose: 0 : 16400, 13, 2025/05/19, 17:10:13.999, 3904163853104, vstest.console.dll, MulticastDelegateUtilities.SafeInvoke: LengthPrefixCommunicationChannel: MessageReceived: Invoking callback 1/1 for Microsoft.VisualStudio.TestPlatform.CommunicationUtilities.TestRequestSender+<>c__DisplayClass34_0., took 0 ms.
TpTrace Verbose: 0 : 16400, 13, 2025/05/19, 17:10:13.999, 3904163853328, vstest.console.dll, TcpClientExtensions.MessageLoopAsync: Polling on remoteEndPoint: 127.0.0.1:52446 localEndPoint: 127.0.0.1:52441 after 3 ms
TpTrace Verbose: 0 : 16400, 4, 2025/05/19, 17:10:13.999, 3904163853528, vstest.console.dll, MulticastDelegateUtilities.SafeInvoke: InternalTestLoggerEvents.SendTestRunMessage: Invoking callback 1/1 for Microsoft.VisualStudio.TestPlatform.CommandLine.Internal.MSBuildLogger., took 0 ms.
TpTrace Verbose: 0 : 16400, 13, 2025/05/19, 17:10:14.066, 3904164517674, vstest.console.dll, TcpClientExtensions.MessageLoopAsync: NotifyDataAvailable remoteEndPoint: 127.0.0.1:52446 localEndPoint: 127.0.0.1:52441
TpTrace Verbose: 0 : 16400, 13, 2025/05/19, 17:10:14.066, 3904164519114, vstest.console.dll, TestRequestSender.OnExecutionMessageReceived: Received message: {"Version":7,"MessageType":"TestSession.Message","Payload":{"MessageLevel":0,"Message":"Creando NativeMethodsWindows\r\nndice FLAT dumpeado a: D:\\Users\\pc\\Desktop\\VictorCsharpBinding-SDK\\Tests\\bin\\Debug\\net8.0\\.victorIndex\\victor_index_20250519_171014_.json\r\nCreando NativeMethodsWindows\r\nResultado: ID = 100, Distancia = 0\r\n"}}
TpTrace Verbose: 0 : 16400, 13, 2025/05/19, 17:10:14.066, 3904164520186, vstest.console.dll, TestRunRequest:SendTestRunMessage: Starting.
TpTrace Verbose: 0 : 16400, 13, 2025/05/19, 17:10:14.066, 3904164521002, vstest.console.dll, MulticastDelegateUtilities.SafeInvoke: TestRun.LogMessages: Invoking callback 1/1 for Microsoft.VisualStudio.TestPlatform.CommandLine.TestRunResultAggregator., took 0 ms.
TpTrace Information: 0 : 16400, 13, 2025/05/19, 17:10:14.066, 3904164521413, vstest.console.dll, TestRunRequest:SendTestRunMessage: Completed.
TpTrace Verbose: 0 : 16400, 13, 2025/05/19, 17:10:14.066, 3904164521780, vstest.console.dll, MulticastDelegateUtilities.SafeInvoke: LengthPrefixCommunicationChannel: MessageReceived: Invoking callback 1/1 for Microsoft.VisualStudio.TestPlatform.CommunicationUtilities.TestRequestSender+<>c__DisplayClass34_0., took 0 ms.
TpTrace Verbose: 0 : 16400, 4, 2025/05/19, 17:10:14.066, 3904164521848, vstest.console.dll, MulticastDelegateUtilities.SafeInvoke: InternalTestLoggerEvents.SendTestRunMessage: Invoking callback 1/1 for Microsoft.VisualStudio.TestPlatform.CommandLine.Internal.MSBuildLogger., took 0 ms.
TpTrace Verbose: 0 : 16400, 13, 2025/05/19, 17:10:14.066, 3904164522128, vstest.console.dll, TcpClientExtensions.MessageLoopAsync: Polling on remoteEndPoint: 127.0.0.1:52446 localEndPoint: 127.0.0.1:52441 after 66 ms
TpTrace Verbose: 0 : 16400, 13, 2025/05/19, 17:10:14.078, 3904164644029, vstest.console.dll, TcpClientExtensions.MessageLoopAsync: NotifyDataAvailable remoteEndPoint: 127.0.0.1:52446 localEndPoint: 127.0.0.1:52441
TpTrace Verbose: 0 : 16400, 13, 2025/05/19, 17:10:14.078, 3904164645335, vstest.console.dll, TestRequestSender.OnExecutionMessageReceived: Received message: {"Version":7,"MessageType":"TestSession.Message","Payload":{"MessageLevel":0,"Message":"Creando NativeMethodsWindows\r\nCreando NativeMethodsWindows\r\n"}}
TpTrace Verbose: 0 : 16400, 13, 2025/05/19, 17:10:14.079, 3904164646395, vstest.console.dll, TestRunRequest:SendTestRunMessage: Starting.
TpTrace Verbose: 0 : 16400, 13, 2025/05/19, 17:10:14.079, 3904164647148, vstest.console.dll, MulticastDelegateUtilities.SafeInvoke: TestRun.LogMessages: Invoking callback 1/1 for Microsoft.VisualStudio.TestPlatform.CommandLine.TestRunResultAggregator., took 0 ms.
TpTrace Information: 0 : 16400, 13, 2025/05/19, 17:10:14.079, 3904164647574, vstest.console.dll, TestRunRequest:SendTestRunMessage: Completed.
TpTrace Verbose: 0 : 16400, 4, 2025/05/19, 17:10:14.079, 3904164647778, vstest.console.dll, MulticastDelegateUtilities.SafeInvoke: InternalTestLoggerEvents.SendTestRunMessage: Invoking callback 1/1 for Microsoft.VisualStudio.TestPlatform.CommandLine.Internal.MSBuildLogger., took 0 ms.
TpTrace Verbose: 0 : 16400, 13, 2025/05/19, 17:10:14.079, 3904164647800, vstest.console.dll, MulticastDelegateUtilities.SafeInvoke: LengthPrefixCommunicationChannel: MessageReceived: Invoking callback 1/1 for Microsoft.VisualStudio.TestPlatform.CommunicationUtilities.TestRequestSender+<>c__DisplayClass34_0., took 0 ms.
TpTrace Verbose: 0 : 16400, 13, 2025/05/19, 17:10:14.079, 3904164648399, vstest.console.dll, TcpClientExtensions.MessageLoopAsync: Polling on remoteEndPoint: 127.0.0.1:52446 localEndPoint: 127.0.0.1:52441 after 12 ms
TpTrace Verbose: 0 : 16400, 13, 2025/05/19, 17:10:14.092, 3904164783706, vstest.console.dll, TcpClientExtensions.MessageLoopAsync: NotifyDataAvailable remoteEndPoint: 127.0.0.1:52446 localEndPoint: 127.0.0.1:52441
TpTrace Verbose: 0 : 16400, 13, 2025/05/19, 17:10:14.092, 3904164785152, vstest.console.dll, TestRequestSender.OnExecutionMessageReceived: Received message: {"Version":7,"MessageType":"TestSession.Message","Payload":{"MessageLevel":0,"Message":"Creando NativeMethodsWindows\r\nCreando NativeMethodsWindows\r\n"}}
TpTrace Verbose: 0 : 16400, 13, 2025/05/19, 17:10:14.093, 3904164786198, vstest.console.dll, TestRunRequest:SendTestRunMessage: Starting.
TpTrace Verbose: 0 : 16400, 13, 2025/05/19, 17:10:14.093, 3904164786726, vstest.console.dll, MulticastDelegateUtilities.SafeInvoke: TestRun.LogMessages: Invoking callback 1/1 for Microsoft.VisualStudio.TestPlatform.CommandLine.TestRunResultAggregator., took 0 ms.
TpTrace Information: 0 : 16400, 13, 2025/05/19, 17:10:14.093, 3904164786999, vstest.console.dll, TestRunRequest:SendTestRunMessage: Completed.
TpTrace Verbose: 0 : 16400, 13, 2025/05/19, 17:10:14.093, 3904164787245, vstest.console.dll, MulticastDelegateUtilities.SafeInvoke: LengthPrefixCommunicationChannel: MessageReceived: Invoking callback 1/1 for Microsoft.VisualStudio.TestPlatform.CommunicationUtilities.TestRequestSender+<>c__DisplayClass34_0., took 0 ms.
TpTrace Verbose: 0 : 16400, 4, 2025/05/19, 17:10:14.093, 3904164787486, vstest.console.dll, MulticastDelegateUtilities.SafeInvoke: InternalTestLoggerEvents.SendTestRunMessage: Invoking callback 1/1 for Microsoft.VisualStudio.TestPlatform.CommandLine.Internal.MSBuildLogger., took 0 ms.
TpTrace Verbose: 0 : 16400, 13, 2025/05/19, 17:10:14.093, 3904164787521, vstest.console.dll, TcpClientExtensions.MessageLoopAsync: Polling on remoteEndPoint: 127.0.0.1:52446 localEndPoint: 127.0.0.1:52441 after 13 ms
TpTrace Verbose: 0 : 16400, 13, 2025/05/19, 17:10:14.095, 3904164814163, vstest.console.dll, TcpClientExtensions.MessageLoopAsync: NotifyDataAvailable remoteEndPoint: 127.0.0.1:52446 localEndPoint: 127.0.0.1:52441
TpTrace Verbose: 0 : 16400, 13, 2025/05/19, 17:10:14.095, 3904164815142, vstest.console.dll, TestRequestSender.OnExecutionMessageReceived: Received message: {"Version":7,"MessageType":"TestSession.Message","Payload":{"MessageLevel":0,"Message":"Creando NativeMethodsWindows\r\nCreando NativeMethodsWindows\r\nCreando NativeMethodsWindows\r\n"}}
TpTrace Verbose: 0 : 16400, 13, 2025/05/19, 17:10:14.095, 3904164815992, vstest.console.dll, TestRunRequest:SendTestRunMessage: Starting.
TpTrace Verbose: 0 : 16400, 13, 2025/05/19, 17:10:14.096, 3904164816403, vstest.console.dll, MulticastDelegateUtilities.SafeInvoke: TestRun.LogMessages: Invoking callback 1/1 for Microsoft.VisualStudio.TestPlatform.CommandLine.TestRunResultAggregator., took 0 ms.
TpTrace Information: 0 : 16400, 13, 2025/05/19, 17:10:14.096, 3904164816632, vstest.console.dll, TestRunRequest:SendTestRunMessage: Completed.
TpTrace Verbose: 0 : 16400, 13, 2025/05/19, 17:10:14.096, 3904164816838, vstest.console.dll, MulticastDelegateUtilities.SafeInvoke: LengthPrefixCommunicationChannel: MessageReceived: Invoking callback 1/1 for Microsoft.VisualStudio.TestPlatform.CommunicationUtilities.TestRequestSender+<>c__DisplayClass34_0., took 0 ms.
TpTrace Verbose: 0 : 16400, 13, 2025/05/19, 17:10:14.096, 3904164817053, vstest.console.dll, TcpClientExtensions.MessageLoopAsync: Polling on remoteEndPoint: 127.0.0.1:52446 localEndPoint: 127.0.0.1:52441 after 2 ms
TpTrace Verbose: 0 : 16400, 4, 2025/05/19, 17:10:14.096, 3904164817128, vstest.console.dll, MulticastDelegateUtilities.SafeInvoke: InternalTestLoggerEvents.SendTestRunMessage: Invoking callback 1/1 for Microsoft.VisualStudio.TestPlatform.CommandLine.Internal.MSBuildLogger., took 0 ms.
TpTrace Verbose: 0 : 16400, 13, 2025/05/19, 17:10:14.100, 3904164859761, vstest.console.dll, TcpClientExtensions.MessageLoopAsync: NotifyDataAvailable remoteEndPoint: 127.0.0.1:52446 localEndPoint: 127.0.0.1:52441
TpTrace Verbose: 0 : 16400, 13, 2025/05/19, 17:10:14.100, 3904164860856, vstest.console.dll, TestRequestSender.OnExecutionMessageReceived: Received message: {"Version":7,"MessageType":"TestSession.Message","Payload":{"MessageLevel":0,"Message":"Creando NativeMethodsWindows\r\n"}}
TpTrace Verbose: 0 : 16400, 13, 2025/05/19, 17:10:14.100, 3904164861772, vstest.console.dll, TestRunRequest:SendTestRunMessage: Starting.
TpTrace Verbose: 0 : 16400, 13, 2025/05/19, 17:10:14.100, 3904164862225, vstest.console.dll, MulticastDelegateUtilities.SafeInvoke: TestRun.LogMessages: Invoking callback 1/1 for Microsoft.VisualStudio.TestPlatform.CommandLine.TestRunResultAggregator., took 0 ms.
TpTrace Information: 0 : 16400, 13, 2025/05/19, 17:10:14.100, 3904164862457, vstest.console.dll, TestRunRequest:SendTestRunMessage: Completed.
TpTrace Verbose: 0 : 16400, 13, 2025/05/19, 17:10:14.100, 3904164862658, vstest.console.dll, MulticastDelegateUtilities.SafeInvoke: LengthPrefixCommunicationChannel: MessageReceived: Invoking callback 1/1 for Microsoft.VisualStudio.TestPlatform.CommunicationUtilities.TestRequestSender+<>c__DisplayClass34_0., took 0 ms.
TpTrace Verbose: 0 : 16400, 13, 2025/05/19, 17:10:14.100, 3904164862940, vstest.console.dll, TcpClientExtensions.MessageLoopAsync: Polling on remoteEndPoint: 127.0.0.1:52446 localEndPoint: 127.0.0.1:52441 after 4 ms
TpTrace Verbose: 0 : 16400, 4, 2025/05/19, 17:10:14.100, 3904164862908, vstest.console.dll, MulticastDelegateUtilities.SafeInvoke: InternalTestLoggerEvents.SendTestRunMessage: Invoking callback 1/1 for Microsoft.VisualStudio.TestPlatform.CommandLine.Internal.MSBuildLogger., took 0 ms.
TpTrace Verbose: 0 : 16400, 13, 2025/05/19, 17:10:14.103, 3904164894144, vstest.console.dll, TcpClientExtensions.MessageLoopAsync: NotifyDataAvailable remoteEndPoint: 127.0.0.1:52446 localEndPoint: 127.0.0.1:52441
TpTrace Verbose: 0 : 16400, 13, 2025/05/19, 17:10:14.103, 3904164895386, vstest.console.dll, TestRequestSender.OnExecutionMessageReceived: Received message: {"Version":7,"MessageType":"TestSession.Message","Payload":{"MessageLevel":0,"Message":"Creando NativeMethodsWindows\r\n"}}
TpTrace Verbose: 0 : 16400, 13, 2025/05/19, 17:10:14.104, 3904164896391, vstest.console.dll, TestRunRequest:SendTestRunMessage: Starting.
TpTrace Verbose: 0 : 16400, 13, 2025/05/19, 17:10:14.104, 3904164896834, vstest.console.dll, MulticastDelegateUtilities.SafeInvoke: TestRun.LogMessages: Invoking callback 1/1 for Microsoft.VisualStudio.TestPlatform.CommandLine.TestRunResultAggregator., took 0 ms.
TpTrace Information: 0 : 16400, 13, 2025/05/19, 17:10:14.104, 3904164897064, vstest.console.dll, TestRunRequest:SendTestRunMessage: Completed.
TpTrace Verbose: 0 : 16400, 13, 2025/05/19, 17:10:14.104, 3904164897265, vstest.console.dll, MulticastDelegateUtilities.SafeInvoke: LengthPrefixCommunicationChannel: MessageReceived: Invoking callback 1/1 for Microsoft.VisualStudio.TestPlatform.CommunicationUtilities.TestRequestSender+<>c__DisplayClass34_0., took 0 ms.
TpTrace Verbose: 0 : 16400, 13, 2025/05/19, 17:10:14.104, 3904164897523, vstest.console.dll, TcpClientExtensions.MessageLoopAsync: Polling on remoteEndPoint: 127.0.0.1:52446 localEndPoint: 127.0.0.1:52441 after 3 ms
TpTrace Verbose: 0 : 16400, 4, 2025/05/19, 17:10:14.104, 3904164897654, vstest.console.dll, MulticastDelegateUtilities.SafeInvoke: InternalTestLoggerEvents.SendTestRunMessage: Invoking callback 1/1 for Microsoft.VisualStudio.TestPlatform.CommandLine.Internal.MSBuildLogger., took 0 ms.
TpTrace Verbose: 0 : 16400, 13, 2025/05/19, 17:10:14.107, 3904164928524, vstest.console.dll, TcpClientExtensions.MessageLoopAsync: NotifyDataAvailable remoteEndPoint: 127.0.0.1:52446 localEndPoint: 127.0.0.1:52441
TpTrace Verbose: 0 : 16400, 13, 2025/05/19, 17:10:14.107, 3904164931721, vstest.console.dll, TestRequestSender.OnExecutionMessageReceived: Received message: {"Version":7,"MessageType":"TestExecution.StatsChange","Payload":{"NewTestResults":[{"TestCase":{"Id":"9b233775-3a8c-dd5f-0ff9-800bc1b1c772","FullyQualifiedName":"Victor.Tests.VictorSDKTests.Benchmark_Insert_5000_NSW","DisplayName":"Benchmark_Insert_5000_NSW","ExecutorUri":"executor://NUnit3TestExecutor","Source":"D:\\Users\\pc\\Desktop\\VictorCsharpBinding-SDK\\Tests\\bin\\Debug\\net8.0\\VictorBaseDotNET.Tests.dll","CodeFilePath":null,"LineNumber":0,"Properties":[{"Key":{"Id":"NUnit.Seed","Label":"Seed","Category":"","Description":"","Attributes":0,"ValueType":"System.String"},"Value":"1178088271"}]},"Attachments":[],"Outcome":1,"ErrorMessage":null,"ErrorStackTrace":null,"DisplayName":"Benchmark_Insert_5000_NSW","Messages":[{"Category":"StdOutMsgs","Text":"Creando NativeMethodsWindows\r\n"}],"ComputerName":"PCR5600","Duration":"00:00:00.1888690","StartTime":"2025-05-19T20:10:13.806149+00:00","EndTime":"2025-05-19T20:10:13.9950172+00:00","Properties":[{"Key":{"Id":"NUnit.Seed","Label":"Seed","Category":"","Description":"","Attributes":0,"ValueType":"System.String"},"Value":"1178088271"}]},{"TestCase":{"Id":"371a3be1-5616-7da5-e635-4386a1eae644","FullyQualifiedName":"Victor.Tests.VictorSDKTests.Contains_ShouldReturnTrueForExistingId","DisplayName":"Contains_ShouldReturnTrueForExistingId","ExecutorUri":"executor://NUnit3TestExecutor","Source":"D:\\Users\\pc\\Desktop\\VictorCsharpBinding-SDK\\Tests\\bin\\Debug\\net8.0\\VictorBaseDotNET.Tests.dll","CodeFilePath":null,"LineNumber":0,"Properties":[{"Key":{"Id":"NUnit.Seed","Label":"Seed","Category":"","Description":"","Attributes":0,"ValueType":"System.String"},"Value":"814778316"}]},"Attachments":[],"Outcome":1,"ErrorMessage":null,"ErrorStackTrace":null,"DisplayName":"Contains_ShouldReturnTrueForExistingId","Messages":[{"Category":"StdOutMsgs","Text":"Creando NativeMethodsWindows\r\n"}],"ComputerName":"PCR5600","Duration":"00:00:00.0034520","StartTime":"2025-05-19T20:10:13.9950551+00:00","EndTime":"2025-05-19T20:10:13.9985064+00:00","Properties":[{"Key":{"Id":"NUnit.Seed","Label":"Seed","Category":"","Description":"","Attributes":0,"ValueType":"System.String"},"Value":"814778316"}]},{"TestCase":{"Id":"aff9772d-de22-48b4-627b-1e083fa16037","FullyQualifiedName":"Victor.Tests.VictorSDKTests.DoubleUsing_DumpFlat_ThenLoadHNSW","DisplayName":"DoubleUsing_DumpFlat_ThenLoadHNSW","ExecutorUri":"executor://NUnit3TestExecutor","Source":"D:\\Users\\pc\\Desktop\\VictorCsharpBinding-SDK\\Tests\\bin\\Debug\\net8.0\\VictorBaseDotNET.Tests.dll","CodeFilePath":null,"LineNumber":0,"Properties":[{"Key":{"Id":"NUnit.Seed","Label":"Seed","Category":"","Description":"","Attributes":0,"ValueType":"System.String"},"Value":"219516949"}]},"Attachments":[],"Outcome":1,"ErrorMessage":null,"ErrorStackTrace":null,"DisplayName":"DoubleUsing_DumpFlat_ThenLoadHNSW","Messages":[{"Category":"StdOutMsgs","Text":"Creando NativeMethodsWindows\r\nndice FLAT dumpeado a: D:\\Users\\pc\\Desktop\\VictorCsharpBinding-SDK\\Tests\\bin\\Debug\\net8.0\\.victorIndex\\victor_index_20250519_171014_.json\r\nCreando NativeMethodsWindows\r\nResultado: ID = 100, Distancia = 0\r\n"}],"ComputerName":"PCR5600","Duration":"00:00:00.0670280","StartTime":"2025-05-19T20:10:13.9985319+00:00","EndTime":"2025-05-19T20:10:14.0655592+00:00","Properties":[{"Key":{"Id":"NUnit.Seed","Label":"Seed","Category":"","Description":"","Attributes":0,"ValueType":"System.String"},"Value":"219516949"}]},{"TestCase":{"Id":"e47b529a-7c79-302b-1796-142d60c04ba9","FullyQualifiedName":"Victor.Tests.VictorSDKTests.DoubleUsing_FlatDumpToHNSWLoad_CustomPath_ShouldWork","DisplayName":"DoubleUsing_FlatDumpToHNSWLoad_CustomPath_ShouldWork","ExecutorUri":"executor://NUnit3TestExecutor","Source":"D:\\Users\\pc\\Desktop\\VictorCsharpBinding-SDK\\Tests\\bin\\Debug\\net8.0\\VictorBaseDotNET.Tests.dll","CodeFilePath":null,"LineNumber":0,"Properties":[{"Key":{"Id":"NUnit.Seed","Label":"Seed","Category":"","Description":"","Attributes":0,"ValueType":"System.String"},"Value":"2147204954"}]},"Attachments":[],"Outcome":1,"ErrorMessage":null,"ErrorStackTrace":null,"DisplayName":"DoubleUsing_FlatDumpToHNSWLoad_CustomPath_ShouldWork","Messages":[{"Category":"StdOutMsgs","Text":"Creando NativeMethodsWindows\r\nCreando NativeMethodsWindows\r\n"}],"ComputerName":"PCR5600","Duration":"00:00:00.0126220","StartTime":"2025-05-19T20:10:14.0655882+00:00","EndTime":"2025-05-19T20:10:14.0782087+00:00","Properties":[{"Key":{"Id":"NUnit.Seed","Label":"Seed","Category":"","Description":"","Attributes":0,"ValueType":"System.String"},"Value":"2147204954"}]},{"TestCase":{"Id":"856e0734-179c-cd23-86b5-41de8066040f","FullyQualifiedName":"Victor.Tests.VictorSDKTests.DoubleUsing_FlatDumpToHNSWLoad_SearchShouldWork","DisplayName":"DoubleUsing_FlatDumpToHNSWLoad_SearchShouldWork","ExecutorUri":"executor://NUnit3TestExecutor","Source":"D:\\Users\\pc\\Desktop\\VictorCsharpBinding-SDK\\Tests\\bin\\Debug\\net8.0\\VictorBaseDotNET.Tests.dll","CodeFilePath":null,"LineNumber":0,"Properties":[{"Key":{"Id":"NUnit.Seed","Label":"Seed","Category":"","Description":"","Attributes":0,"ValueType":"System.String"},"Value":"1582407339"}]},"Attachments":[],"Outcome":1,"ErrorMessage":null,"ErrorStackTrace":null,"DisplayName":"DoubleUsing_FlatDumpToHNSWLoad_SearchShouldWork","Messages":[{"Category":"StdOutMsgs","Text":"Creando NativeMethodsWindows\r\nCreando NativeMethodsWindows\r\n"}],"ComputerName":"PCR5600","Duration":"00:00:00.0138610","StartTime":"2025-05-19T20:10:14.0782392+00:00","EndTime":"2025-05-19T20:10:14.0921001+00:00","Properties":[{"Key":{"Id":"NUnit.Seed","Label":"Seed","Category":"","Description":"","Attributes":0,"ValueType":"System.String"},"Value":"1582407339"}]},{"TestCase":{"Id":"9e20c956-012c-ae1b-04f1-c5b05f03c0ab","FullyQualifiedName":"Victor.Tests.VictorSDKTests.FlatIndex_ShouldInitialize_WithNullContext","DisplayName":"FlatIndex_ShouldInitialize_WithNullContext","ExecutorUri":"executor://NUnit3TestExecutor","Source":"D:\\Users\\pc\\Desktop\\VictorCsharpBinding-SDK\\Tests\\bin\\Debug\\net8.0\\VictorBaseDotNET.Tests.dll","CodeFilePath":null,"LineNumber":0,"Properties":[{"Key":{"Id":"NUnit.Seed","Label":"Seed","Category":"","Description":"","Attributes":0,"ValueType":"System.String"},"Value":"1104341951"}]},"Attachments":[],"Outcome":1,"ErrorMessage":null,"ErrorStackTrace":null,"DisplayName":"FlatIndex_ShouldInitialize_WithNullContext","Messages":[{"Category":"StdOutMsgs","Text":"Creando NativeMethodsWindows\r\nCreando NativeMethodsWindows\r\nCreando NativeMethodsWindows\r\n"}],"ComputerName":"PCR5600","Duration":"00:00:00.0024020","StartTime":"2025-05-19T20:10:14.0921339+00:00","EndTime":"2025-05-19T20:10:14.0945357+00:00","Properties":[{"Key":{"Id":"NUnit.Seed","Label":"Seed","Category":"","Description":"","Attributes":0,"ValueType":"System.String"},"Value":"1104341951"}]},{"TestCase":{"Id":"8ab1f04d-3273-8e70-e8b5-308124ba564e","FullyQualifiedName":"Victor.Tests.VictorSDKTests.HNSWIndex_ShouldFail_WithArgumentException","DisplayName":"HNSWIndex_ShouldFail_WithArgumentException","ExecutorUri":"executor://NUnit3TestExecutor","Source":"D:\\Users\\pc\\Desktop\\VictorCsharpBinding-SDK\\Tests\\bin\\Debug\\net8.0\\VictorBaseDotNET.Tests.dll","CodeFilePath":null,"LineNumber":0,"Properties":[{"Key":{"Id":"NUnit.Seed","Label":"Seed","Category":"","Description":"","Attributes":0,"ValueType":"System.String"},"Value":"1938323378"}]},"Attachments":[],"Outcome":1,"ErrorMessage":null,"ErrorStackTrace":null,"DisplayName":"HNSWIndex_ShouldFail_WithArgumentException","Messages":[],"ComputerName":"PCR5600","Duration":"00:00:00.0030300","StartTime":"2025-05-19T20:10:14.0945594+00:00","EndTime":"2025-05-19T20:10:14.0975893+00:00","Properties":[{"Key":{"Id":"NUnit.Seed","Label":"Seed","Category":"","Description":"","Attributes":0,"ValueType":"System.String"},"Value":"1938323378"}]},{"TestCase":{"Id":"ef50de67-1ecd-d689-7ba3-002c18a73ca3","FullyQualifiedName":"Victor.Tests.VictorSDKTests.HNSWIndex_ShouldInitialize_WithValidContext","DisplayName":"HNSWIndex_ShouldInitialize_WithValidContext","ExecutorUri":"executor://NUnit3TestExecutor","Source":"D:\\Users\\pc\\Desktop\\VictorCsharpBinding-SDK\\Tests\\bin\\Debug\\net8.0\\VictorBaseDotNET.Tests.dll","CodeFilePath":null,"LineNumber":0,"Properties":[{"Key":{"Id":"NUnit.Seed","Label":"Seed","Category":"","Description":"","Attributes":0,"ValueType":"System.String"},"Value":"1684558889"}]},"Attachments":[],"Outcome":1,"ErrorMessage":null,"ErrorStackTrace":null,"DisplayName":"HNSWIndex_ShouldInitialize_WithValidContext","Messages":[{"Category":"StdOutMsgs","Text":"Creando NativeMethodsWindows\r\n"}],"ComputerName":"PCR5600","Duration":"00:00:00.0001430","StartTime":"2025-05-19T20:10:14.0976102+00:00","EndTime":"2025-05-19T20:10:14.0977529+00:00","Properties":[{"Key":{"Id":"NUnit.Seed","Label":"Seed","Category":"","Description":"","Attributes":0,"ValueType":"System.String"},"Value":"1684558889"}]},{"TestCase":{"Id":"0a42df81-164e-f175-08db-5d301064d5f1","FullyQualifiedName":"Victor.Tests.VictorSDKTests.InitFlatIndex_ShouldWorkWithoutContext","DisplayName":"InitFlatIndex_ShouldWorkWithoutContext","ExecutorUri":"executor://NUnit3TestExecutor","Source":"D:\\Users\\pc\\Desktop\\VictorCsharpBinding-SDK\\Tests\\bin\\Debug\\net8.0\\VictorBaseDotNET.Tests.dll","CodeFilePath":null,"LineNumber":0,"Properties":[{"Key":{"Id":"NUnit.Seed","Label":"Seed","Category":"","Description":"","Attributes":0,"ValueType":"System.String"},"Value":"765955850"}]},"Attachments":[],"Outcome":1,"ErrorMessage":null,"ErrorStackTrace":null,"DisplayName":"InitFlatIndex_ShouldWorkWithoutContext","Messages":[{"Category":"StdOutMsgs","Text":"Creando NativeMethodsWindows\r\n"}],"ComputerName":"PCR5600","Duration":"00:00:00.0003379","StartTime":"2025-05-19T20:10:14.0977626+00:00","EndTime":"2025-05-19T20:10:14.0981004+00:00","Properties":[{"Key":{"Id":"NUnit.Seed","Label":"Seed","Category":"","Description":"","Attributes":0,"ValueType":"System.String"},"Value":"765955850"}]}],"TestRunStatistics":{"ExecutedTests":11,"Stats":{"Passed":11}},"ActiveTests":[{"Id":"292e6616-376d-8d65-89b8-d4d43f6840af","FullyQualifiedName":"Victor.Tests.VictorSDKTests.Insert_EmptyVector_ShouldThrowVictorException","DisplayName":"Insert_EmptyVector_ShouldThrowVictorException","ExecutorUri":"executor://NUnit3TestExecutor","Source":"D:\\Users\\pc\\Desktop\\VictorCsharpBinding-SDK\\Tests\\bin\\Debug\\net8.0\\VictorBaseDotNET.Tests.dll","CodeFilePath":null,"LineNumber":0,"Properties":[{"Key":{"Id":"NUnit.Seed","Label":"Seed","Category":"","Description":"","Attributes":0,"ValueType":"System.String"},"Value":"955982621"}]}]}}
TpTrace Verbose: 0 : 16400, 13, 2025/05/19, 17:10:14.109, 3904164946237, vstest.console.dll, TestRunRequest:SendTestRunStatsChange: Starting.
TpTrace Verbose: 0 : 16400, 13, 2025/05/19, 17:10:14.109, 3904164947016, vstest.console.dll, InProgress is Insert_EmptyVector_ShouldThrowVictorException
TpTrace Verbose: 0 : 16400, 13, 2025/05/19, 17:10:14.109, 3904164947748, vstest.console.dll, MulticastDelegateUtilities.SafeInvoke: TestRun.RunStatsChanged: Invoking callbacks was skipped because there are no subscribers.
TpTrace Verbose: 0 : 16400, 4, 2025/05/19, 17:10:14.109, 3904164947921, vstest.console.dll, MulticastDelegateUtilities.SafeInvoke: InternalTestLoggerEvents.SendTestResult: Invoking callback 1/1 for Microsoft.VisualStudio.TestPlatform.CommandLine.Internal.MSBuildLogger., took 0 ms.
TpTrace Information: 0 : 16400, 13, 2025/05/19, 17:10:14.109, 3904164948321, vstest.console.dll, TestRunRequest:SendTestRunStatsChange: Completed.
TpTrace Verbose: 0 : 16400, 4, 2025/05/19, 17:10:14.109, 3904164948855, vstest.console.dll, MulticastDelegateUtilities.SafeInvoke: InternalTestLoggerEvents.SendTestResult: Invoking callback 1/1 for Microsoft.VisualStudio.TestPlatform.CommandLine.Internal.MSBuildLogger., took 0 ms.
TpTrace Verbose: 0 : 16400, 13, 2025/05/19, 17:10:14.109, 3904164949348, vstest.console.dll, MulticastDelegateUtilities.SafeInvoke: LengthPrefixCommunicationChannel: MessageReceived: Invoking callback 1/1 for Microsoft.VisualStudio.TestPlatform.CommunicationUtilities.TestRequestSender+<>c__DisplayClass34_0., took 1 ms.
TpTrace Verbose: 0 : 16400, 4, 2025/05/19, 17:10:14.109, 3904164949662, vstest.console.dll, MulticastDelegateUtilities.SafeInvoke: InternalTestLoggerEvents.SendTestResult: Invoking callback 1/1 for Microsoft.VisualStudio.TestPlatform.CommandLine.Internal.MSBuildLogger., took 0 ms.
TpTrace Verbose: 0 : 16400, 13, 2025/05/19, 17:10:14.109, 3904164950153, vstest.console.dll, TcpClientExtensions.MessageLoopAsync: Polling on remoteEndPoint: 127.0.0.1:52446 localEndPoint: 127.0.0.1:52441 after 5 ms
TpTrace Verbose: 0 : 16400, 4, 2025/05/19, 17:10:14.109, 3904164950491, vstest.console.dll, MulticastDelegateUtilities.SafeInvoke: InternalTestLoggerEvents.SendTestResult: Invoking callback 1/1 for Microsoft.VisualStudio.TestPlatform.CommandLine.Internal.MSBuildLogger., took 0 ms.
TpTrace Verbose: 0 : 16400, 4, 2025/05/19, 17:10:14.109, 3904164951224, vstest.console.dll, MulticastDelegateUtilities.SafeInvoke: InternalTestLoggerEvents.SendTestResult: Invoking callback 1/1 for Microsoft.VisualStudio.TestPlatform.CommandLine.Internal.MSBuildLogger., took 0 ms.
TpTrace Verbose: 0 : 16400, 13, 2025/05/19, 17:10:14.109, 3904164951222, vstest.console.dll, TcpClientExtensions.MessageLoopAsync: NotifyDataAvailable remoteEndPoint: 127.0.0.1:52446 localEndPoint: 127.0.0.1:52441
TpTrace Verbose: 0 : 16400, 4, 2025/05/19, 17:10:14.109, 3904164951500, vstest.console.dll, MulticastDelegateUtilities.SafeInvoke: InternalTestLoggerEvents.SendTestResult: Invoking callback 1/1 for Microsoft.VisualStudio.TestPlatform.CommandLine.Internal.MSBuildLogger., took 0 ms.
TpTrace Verbose: 0 : 16400, 13, 2025/05/19, 17:10:14.109, 3904164952286, vstest.console.dll, TestRequestSender.OnExecutionMessageReceived: Received message: {"Version":7,"MessageType":"TestSession.Message","Payload":{"MessageLevel":0,"Message":"Creando NativeMethodsWindows\r\n"}}
TpTrace Verbose: 0 : 16400, 4, 2025/05/19, 17:10:14.109, 3904164952993, vstest.console.dll, MulticastDelegateUtilities.SafeInvoke: InternalTestLoggerEvents.SendTestResult: Invoking callback 1/1 for Microsoft.VisualStudio.TestPlatform.CommandLine.Internal.MSBuildLogger., took 0 ms.
TpTrace Verbose: 0 : 16400, 13, 2025/05/19, 17:10:14.109, 3904164953375, vstest.console.dll, TestRunRequest:SendTestRunMessage: Starting.
TpTrace Verbose: 0 : 16400, 4, 2025/05/19, 17:10:14.109, 3904164953500, vstest.console.dll, MulticastDelegateUtilities.SafeInvoke: InternalTestLoggerEvents.SendTestResult: Invoking callback 1/1 for Microsoft.VisualStudio.TestPlatform.CommandLine.Internal.MSBuildLogger., took 0 ms.
TpTrace Verbose: 0 : 16400, 13, 2025/05/19, 17:10:14.109, 3904164954048, vstest.console.dll, MulticastDelegateUtilities.SafeInvoke: TestRun.LogMessages: Invoking callback 1/1 for Microsoft.VisualStudio.TestPlatform.CommandLine.TestRunResultAggregator., took 0 ms.
TpTrace Verbose: 0 : 16400, 4, 2025/05/19, 17:10:14.109, 3904164954502, vstest.console.dll, MulticastDelegateUtilities.SafeInvoke: InternalTestLoggerEvents.SendTestResult: Invoking callback 1/1 for Microsoft.VisualStudio.TestPlatform.CommandLine.Internal.MSBuildLogger., took 0 ms.
TpTrace Information: 0 : 16400, 13, 2025/05/19, 17:10:14.109, 3904164954915, vstest.console.dll, TestRunRequest:SendTestRunMessage: Completed.
TpTrace Verbose: 0 : 16400, 13, 2025/05/19, 17:10:14.109, 3904164955615, vstest.console.dll, MulticastDelegateUtilities.SafeInvoke: LengthPrefixCommunicationChannel: MessageReceived: Invoking callback 1/1 for Microsoft.VisualStudio.TestPlatform.CommunicationUtilities.TestRequestSender+<>c__DisplayClass34_0., took 0 ms.
TpTrace Verbose: 0 : 16400, 4, 2025/05/19, 17:10:14.109, 3904164955876, vstest.console.dll, MulticastDelegateUtilities.SafeInvoke: InternalTestLoggerEvents.SendTestRunMessage: Invoking callback 1/1 for Microsoft.VisualStudio.TestPlatform.CommandLine.Internal.MSBuildLogger., took 0 ms.
TpTrace Verbose: 0 : 16400, 13, 2025/05/19, 17:10:14.110, 3904164956485, vstest.console.dll, TcpClientExtensions.MessageLoopAsync: Polling on remoteEndPoint: 127.0.0.1:52446 localEndPoint: 127.0.0.1:52441 after 0 ms
TpTrace Verbose: 0 : 16400, 13, 2025/05/19, 17:10:14.111, 3904164975218, vstest.console.dll, TcpClientExtensions.MessageLoopAsync: NotifyDataAvailable remoteEndPoint: 127.0.0.1:52446 localEndPoint: 127.0.0.1:52441
TpTrace Verbose: 0 : 16400, 13, 2025/05/19, 17:10:14.112, 3904164976110, vstest.console.dll, TestRequestSender.OnExecutionMessageReceived: Received message: {"Version":7,"MessageType":"TestSession.Message","Payload":{"MessageLevel":0,"Message":"Creando NativeMethodsWindows\r\n"}}
TpTrace Verbose: 0 : 16400, 13, 2025/05/19, 17:10:14.112, 3904164977015, vstest.console.dll, TestRunRequest:SendTestRunMessage: Starting.
TpTrace Verbose: 0 : 16400, 13, 2025/05/19, 17:10:14.112, 3904164977462, vstest.console.dll, MulticastDelegateUtilities.SafeInvoke: TestRun.LogMessages: Invoking callback 1/1 for Microsoft.VisualStudio.TestPlatform.CommandLine.TestRunResultAggregator., took 0 ms.
TpTrace Information: 0 : 16400, 13, 2025/05/19, 17:10:14.112, 3904164977724, vstest.console.dll, TestRunRequest:SendTestRunMessage: Completed.
TpTrace Verbose: 0 : 16400, 13, 2025/05/19, 17:10:14.112, 3904164977929, vstest.console.dll, MulticastDelegateUtilities.SafeInvoke: LengthPrefixCommunicationChannel: MessageReceived: Invoking callback 1/1 for Microsoft.VisualStudio.TestPlatform.CommunicationUtilities.TestRequestSender+<>c__DisplayClass34_0., took 0 ms.
TpTrace Verbose: 0 : 16400, 4, 2025/05/19, 17:10:14.112, 3904164978083, vstest.console.dll, MulticastDelegateUtilities.SafeInvoke: InternalTestLoggerEvents.SendTestRunMessage: Invoking callback 1/1 for Microsoft.VisualStudio.TestPlatform.CommandLine.Internal.MSBuildLogger., took 0 ms.
TpTrace Verbose: 0 : 16400, 13, 2025/05/19, 17:10:14.112, 3904164978149, vstest.console.dll, TcpClientExtensions.MessageLoopAsync: Polling on remoteEndPoint: 127.0.0.1:52446 localEndPoint: 127.0.0.1:52441 after 2 ms
TpTrace Verbose: 0 : 16400, 13, 2025/05/19, 17:10:14.114, 3904165001017, vstest.console.dll, TcpClientExtensions.MessageLoopAsync: NotifyDataAvailable remoteEndPoint: 127.0.0.1:52446 localEndPoint: 127.0.0.1:52441
TpTrace Verbose: 0 : 16400, 13, 2025/05/19, 17:10:14.114, 3904165001762, vstest.console.dll, TestRequestSender.OnExecutionMessageReceived: Received message: {"Version":7,"MessageType":"TestSession.Message","Payload":{"MessageLevel":0,"Message":"Creando NativeMethodsWindows\r\n"}}
TpTrace Verbose: 0 : 16400, 13, 2025/05/19, 17:10:14.114, 3904165002492, vstest.console.dll, TestRunRequest:SendTestRunMessage: Starting.
TpTrace Verbose: 0 : 16400, 13, 2025/05/19, 17:10:14.114, 3904165002861, vstest.console.dll, MulticastDelegateUtilities.SafeInvoke: TestRun.LogMessages: Invoking callback 1/1 for Microsoft.VisualStudio.TestPlatform.CommandLine.TestRunResultAggregator., took 0 ms.
TpTrace Information: 0 : 16400, 13, 2025/05/19, 17:10:14.114, 3904165003088, vstest.console.dll, TestRunRequest:SendTestRunMessage: Completed.
TpTrace Verbose: 0 : 16400, 13, 2025/05/19, 17:10:14.114, 3904165003291, vstest.console.dll, MulticastDelegateUtilities.SafeInvoke: LengthPrefixCommunicationChannel: MessageReceived: Invoking callback 1/1 for Microsoft.VisualStudio.TestPlatform.CommunicationUtilities.TestRequestSender+<>c__DisplayClass34_0., took 0 ms.
TpTrace Verbose: 0 : 16400, 13, 2025/05/19, 17:10:14.114, 3904165003522, vstest.console.dll, TcpClientExtensions.MessageLoopAsync: Polling on remoteEndPoint: 127.0.0.1:52446 localEndPoint: 127.0.0.1:52441 after 2 ms
TpTrace Verbose: 0 : 16400, 4, 2025/05/19, 17:10:14.114, 3904165003367, vstest.console.dll, MulticastDelegateUtilities.SafeInvoke: InternalTestLoggerEvents.SendTestRunMessage: Invoking callback 1/1 for Microsoft.VisualStudio.TestPlatform.CommandLine.Internal.MSBuildLogger., took 0 ms.
TpTrace Verbose: 0 : 16400, 13, 2025/05/19, 17:10:14.116, 3904165024771, vstest.console.dll, TcpClientExtensions.MessageLoopAsync: NotifyDataAvailable remoteEndPoint: 127.0.0.1:52446 localEndPoint: 127.0.0.1:52441
TpTrace Verbose: 0 : 16400, 13, 2025/05/19, 17:10:14.116, 3904165025690, vstest.console.dll, TestRequestSender.OnExecutionMessageReceived: Received message: {"Version":7,"MessageType":"TestSession.Message","Payload":{"MessageLevel":0,"Message":"Creando NativeMethodsWindows\r\n"}}
TpTrace Verbose: 0 : 16400, 13, 2025/05/19, 17:10:14.117, 3904165026467, vstest.console.dll, TestRunRequest:SendTestRunMessage: Starting.
TpTrace Verbose: 0 : 16400, 13, 2025/05/19, 17:10:14.117, 3904165026973, vstest.console.dll, MulticastDelegateUtilities.SafeInvoke: TestRun.LogMessages: Invoking callback 1/1 for Microsoft.VisualStudio.TestPlatform.CommandLine.TestRunResultAggregator., took 0 ms.
TpTrace Information: 0 : 16400, 13, 2025/05/19, 17:10:14.117, 3904165027215, vstest.console.dll, TestRunRequest:SendTestRunMessage: Completed.
TpTrace Verbose: 0 : 16400, 13, 2025/05/19, 17:10:14.117, 3904165027425, vstest.console.dll, MulticastDelegateUtilities.SafeInvoke: LengthPrefixCommunicationChannel: MessageReceived: Invoking callback 1/1 for Microsoft.VisualStudio.TestPlatform.CommunicationUtilities.TestRequestSender+<>c__DisplayClass34_0., took 0 ms.
TpTrace Verbose: 0 : 16400, 13, 2025/05/19, 17:10:14.117, 3904165027641, vstest.console.dll, TcpClientExtensions.MessageLoopAsync: Polling on remoteEndPoint: 127.0.0.1:52446 localEndPoint: 127.0.0.1:52441 after 2 ms
TpTrace Verbose: 0 : 16400, 4, 2025/05/19, 17:10:14.117, 3904165027666, vstest.console.dll, MulticastDelegateUtilities.SafeInvoke: InternalTestLoggerEvents.SendTestRunMessage: Invoking callback 1/1 for Microsoft.VisualStudio.TestPlatform.CommandLine.Internal.MSBuildLogger., took 0 ms.
TpTrace Verbose: 0 : 16400, 13, 2025/05/19, 17:10:14.122, 3904165085181, vstest.console.dll, TcpClientExtensions.MessageLoopAsync: NotifyDataAvailable remoteEndPoint: 127.0.0.1:52446 localEndPoint: 127.0.0.1:52441
TpTrace Verbose: 0 : 16400, 13, 2025/05/19, 17:10:14.123, 3904165086586, vstest.console.dll, TestRequestSender.OnExecutionMessageReceived: Received message: {"Version":7,"MessageType":"TestSession.Message","Payload":{"MessageLevel":0,"Message":"Creando NativeMethodsWindows\r\n"}}
TpTrace Verbose: 0 : 16400, 13, 2025/05/19, 17:10:14.123, 3904165087649, vstest.console.dll, TestRunRequest:SendTestRunMessage: Starting.
TpTrace Verbose: 0 : 16400, 13, 2025/05/19, 17:10:14.123, 3904165088153, vstest.console.dll, MulticastDelegateUtilities.SafeInvoke: TestRun.LogMessages: Invoking callback 1/1 for Microsoft.VisualStudio.TestPlatform.CommandLine.TestRunResultAggregator., took 0 ms.
TpTrace Information: 0 : 16400, 13, 2025/05/19, 17:10:14.123, 3904165088419, vstest.console.dll, TestRunRequest:SendTestRunMessage: Completed.
TpTrace Verbose: 0 : 16400, 13, 2025/05/19, 17:10:14.123, 3904165088651, vstest.console.dll, MulticastDelegateUtilities.SafeInvoke: LengthPrefixCommunicationChannel: MessageReceived: Invoking callback 1/1 for Microsoft.VisualStudio.TestPlatform.CommunicationUtilities.TestRequestSender+<>c__DisplayClass34_0., took 0 ms.
TpTrace Verbose: 0 : 16400, 13, 2025/05/19, 17:10:14.123, 3904165088910, vstest.console.dll, TcpClientExtensions.MessageLoopAsync: Polling on remoteEndPoint: 127.0.0.1:52446 localEndPoint: 127.0.0.1:52441 after 6 ms
TpTrace Verbose: 0 : 16400, 4, 2025/05/19, 17:10:14.123, 3904165089025, vstest.console.dll, MulticastDelegateUtilities.SafeInvoke: InternalTestLoggerEvents.SendTestRunMessage: Invoking callback 1/1 for Microsoft.VisualStudio.TestPlatform.CommandLine.Internal.MSBuildLogger., took 0 ms.
TpTrace Verbose: 0 : 16400, 13, 2025/05/19, 17:10:14.128, 3904165141750, vstest.console.dll, TcpClientExtensions.MessageLoopAsync: NotifyDataAvailable remoteEndPoint: 127.0.0.1:52446 localEndPoint: 127.0.0.1:52441
TpTrace Verbose: 0 : 16400, 13, 2025/05/19, 17:10:14.128, 3904165142872, vstest.console.dll, TestRequestSender.OnExecutionMessageReceived: Received message: {"Version":7,"MessageType":"TestSession.Message","Payload":{"MessageLevel":0,"Message":"NUnit Adapter 4.6.0.0: Test execution complete"}}
TpTrace Verbose: 0 : 16400, 13, 2025/05/19, 17:10:14.128, 3904165143733, vstest.console.dll, TestRunRequest:SendTestRunMessage: Starting.
TpTrace Verbose: 0 : 16400, 13, 2025/05/19, 17:10:14.128, 3904165144182, vstest.console.dll, MulticastDelegateUtilities.SafeInvoke: TestRun.LogMessages: Invoking callback 1/1 for Microsoft.VisualStudio.TestPlatform.CommandLine.TestRunResultAggregator., took 0 ms.
TpTrace Information: 0 : 16400, 13, 2025/05/19, 17:10:14.128, 3904165144411, vstest.console.dll, TestRunRequest:SendTestRunMessage: Completed.
TpTrace Verbose: 0 : 16400, 4, 2025/05/19, 17:10:14.128, 3904165144942, vstest.console.dll, MulticastDelegateUtilities.SafeInvoke: InternalTestLoggerEvents.SendTestRunMessage: Invoking callback 1/1 for Microsoft.VisualStudio.TestPlatform.CommandLine.Internal.MSBuildLogger., took 0 ms.
TpTrace Verbose: 0 : 16400, 13, 2025/05/19, 17:10:14.128, 3904165145042, vstest.console.dll, MulticastDelegateUtilities.SafeInvoke: LengthPrefixCommunicationChannel: MessageReceived: Invoking callback 1/1 for Microsoft.VisualStudio.TestPlatform.CommunicationUtilities.TestRequestSender+<>c__DisplayClass34_0., took 0 ms.
TpTrace Verbose: 0 : 16400, 13, 2025/05/19, 17:10:14.129, 3904165146058, vstest.console.dll, TcpClientExtensions.MessageLoopAsync: Polling on remoteEndPoint: 127.0.0.1:52446 localEndPoint: 127.0.0.1:52441 after 5 ms
TpTrace Verbose: 0 : 16400, 13, 2025/05/19, 17:10:14.141, 3904165273306, vstest.console.dll, TcpClientExtensions.MessageLoopAsync: NotifyDataAvailable remoteEndPoint: 127.0.0.1:52446 localEndPoint: 127.0.0.1:52441
TpTrace Verbose: 0 : 16400, 13, 2025/05/19, 17:10:14.141, 3904165275250, vstest.console.dll, TestRequestSender.OnExecutionMessageReceived: Received message: {"Version":7,"MessageType":"TestExecution.Completed","Payload":{"TestRunCompleteArgs":{"TestRunStatistics":{"ExecutedTests":17,"Stats":{"Passed":17}},"IsCanceled":false,"IsAborted":false,"Error":null,"AttachmentSets":[],"InvokedDataCollectors":[],"ElapsedTimeInRunningTests":"00:00:05.0020311","Metrics":{},"DiscoveredExtensions":{"TestDiscoverers":["NUnit.VisualStudio.TestAdapter.NUnit3TestDiscoverer, NUnit3.TestAdapter, Version=4.6.0.0, Culture=neutral, PublicKeyToken=4cb40d35494691ac"],"TestExecutors":["executor://NUnit3TestExecutor"],"TestExecutors2":[],"TestSettingsProviders":[]}},"LastRunTests":{"NewTestResults":[{"TestCase":{"Id":"292e6616-376d-8d65-89b8-d4d43f6840af","FullyQualifiedName":"Victor.Tests.VictorSDKTests.Insert_EmptyVector_ShouldThrowVictorException","DisplayName":"Insert_EmptyVector_ShouldThrowVictorException","ExecutorUri":"executor://NUnit3TestExecutor","Source":"D:\\Users\\pc\\Desktop\\VictorCsharpBinding-SDK\\Tests\\bin\\Debug\\net8.0\\VictorBaseDotNET.Tests.dll","CodeFilePath":null,"LineNumber":0,"Properties":[{"Key":{"Id":"NUnit.Seed","Label":"Seed","Category":"","Description":"","Attributes":0,"ValueType":"System.String"},"Value":"955982621"}]},"Attachments":[],"Outcome":1,"ErrorMessage":null,"ErrorStackTrace":null,"DisplayName":"Insert_EmptyVector_ShouldThrowVictorException","Messages":[{"Category":"StdOutMsgs","Text":"Creando NativeMethodsWindows\r\n"}],"ComputerName":"PCR5600","Duration":"00:00:00.0076900","StartTime":"2025-05-19T20:10:14.0981118+00:00","EndTime":"2025-05-19T20:10:14.1058017+00:00","Properties":[{"Key":{"Id":"NUnit.Seed","Label":"Seed","Category":"","Description":"","Attributes":0,"ValueType":"System.String"},"Value":"955982621"}]},{"TestCase":{"Id":"bcf4d2ca-1c51-16d3-5b3a-c6587a8b31ac","FullyQualifiedName":"Victor.Tests.VictorSDKTests.Insert_ShouldFailWithWrongDims","DisplayName":"Insert_ShouldFailWithWrongDims","ExecutorUri":"executor://NUnit3TestExecutor","Source":"D:\\Users\\pc\\Desktop\\VictorCsharpBinding-SDK\\Tests\\bin\\Debug\\net8.0\\VictorBaseDotNET.Tests.dll","CodeFilePath":null,"LineNumber":0,"Properties":[{"Key":{"Id":"NUnit.Seed","Label":"Seed","Category":"","Description":"","Attributes":0,"ValueType":"System.String"},"Value":"1194791278"}]},"Attachments":[],"Outcome":1,"ErrorMessage":null,"ErrorStackTrace":null,"DisplayName":"Insert_ShouldFailWithWrongDims","Messages":[{"Category":"StdOutMsgs","Text":"Creando NativeMethodsWindows\r\n"}],"ComputerName":"PCR5600","Duration":"00:00:00.0007390","StartTime":"2025-05-19T20:10:14.1058283+00:00","EndTime":"2025-05-19T20:10:14.1065674+00:00","Properties":[{"Key":{"Id":"NUnit.Seed","Label":"Seed","Category":"","Description":"","Attributes":0,"ValueType":"System.String"},"Value":"1194791278"}]},{"TestCase":{"Id":"14256f3e-2cda-abc5-adf0-851fc830e352","FullyQualifiedName":"Victor.Tests.VictorSDKTests.Insert_ShouldInsertVectorSuccessfully","DisplayName":"Insert_ShouldInsertVectorSuccessfully","ExecutorUri":"executor://NUnit3TestExecutor","Source":"D:\\Users\\pc\\Desktop\\VictorCsharpBinding-SDK\\Tests\\bin\\Debug\\net8.0\\VictorBaseDotNET.Tests.dll","CodeFilePath":null,"LineNumber":0,"Properties":[{"Key":{"Id":"NUnit.Seed","Label":"Seed","Category":"","Description":"","Attributes":0,"ValueType":"System.String"},"Value":"685348681"}]},"Attachments":[],"Outcome":1,"ErrorMessage":null,"ErrorStackTrace":null,"DisplayName":"Insert_ShouldInsertVectorSuccessfully","Messages":[{"Category":"StdOutMsgs","Text":"Creando NativeMethodsWindows\r\n"}],"ComputerName":"PCR5600","Duration":"00:00:00.0009230","StartTime":"2025-05-19T20:10:14.1065807+00:00","EndTime":"2025-05-19T20:10:14.1075033+00:00","Properties":[{"Key":{"Id":"NUnit.Seed","Label":"Seed","Category":"","Description":"","Attributes":0,"ValueType":"System.String"},"Value":"685348681"}]},{"TestCase":{"Id":"a6d11235-1e92-3d3b-c9ad-745450c3655d","FullyQualifiedName":"Victor.Tests.VictorSDKTests.Insert_ValidVector_ShouldSucceed","DisplayName":"Insert_ValidVector_ShouldSucceed","ExecutorUri":"executor://NUnit3TestExecutor","Source":"D:\\Users\\pc\\Desktop\\VictorCsharpBinding-SDK\\Tests\\bin\\Debug\\net8.0\\VictorBaseDotNET.Tests.dll","CodeFilePath":null,"LineNumber":0,"Properties":[{"Key":{"Id":"NUnit.Seed","Label":"Seed","Category":"","Description":"","Attributes":0,"ValueType":"System.String"},"Value":"1920349172"}]},"Attachments":[],"Outcome":1,"ErrorMessage":null,"ErrorStackTrace":null,"DisplayName":"Insert_ValidVector_ShouldSucceed","Messages":[{"Category":"StdOutMsgs","Text":"Creando NativeMethodsWindows\r\n"}],"ComputerName":"PCR5600","Duration":"00:00:00.0010340","StartTime":"2025-05-19T20:10:14.1075167+00:00","EndTime":"2025-05-19T20:10:14.1085508+00:00","Properties":[{"Key":{"Id":"NUnit.Seed","Label":"Seed","Category":"","Description":"","Attributes":0,"ValueType":"System.String"},"Value":"1920349172"}]},{"TestCase":{"Id":"c143fd15-adc3-6294-fff6-5ebfa4109ce5","FullyQualifiedName":"Victor.Tests.VictorSDKTests.NSWIndex_ShouldFail_WithArgumentException","DisplayName":"NSWIndex_ShouldFail_WithArgumentException","ExecutorUri":"executor://NUnit3TestExecutor","Source":"D:\\Users\\pc\\Desktop\\VictorCsharpBinding-SDK\\Tests\\bin\\Debug\\net8.0\\VictorBaseDotNET.Tests.dll","CodeFilePath":null,"LineNumber":0,"Properties":[{"Key":{"Id":"NUnit.Seed","Label":"Seed","Category":"","Description":"","Attributes":0,"ValueType":"System.String"},"Value":"1512491960"}]},"Attachments":[],"Outcome":1,"ErrorMessage":null,"ErrorStackTrace":null,"DisplayName":"NSWIndex_ShouldFail_WithArgumentException","Messages":[],"ComputerName":"PCR5600","Duration":"00:00:00.0002830","StartTime":"2025-05-19T20:10:14.108567+00:00","EndTime":"2025-05-19T20:10:14.1088499+00:00","Properties":[{"Key":{"Id":"NUnit.Seed","Label":"Seed","Category":"","Description":"","Attributes":0,"ValueType":"System.String"},"Value":"1512491960"}]},{"TestCase":{"Id":"a182a07c-2461-7377-db5b-bc5e7aaf07d1","FullyQualifiedName":"Victor.Tests.VictorSDKTests.VictorSDK_ShouldInitializeWithFlatIndex","DisplayName":"VictorSDK_ShouldInitializeWithFlatIndex","ExecutorUri":"executor://NUnit3TestExecutor","Source":"D:\\Users\\pc\\Desktop\\VictorCsharpBinding-SDK\\Tests\\bin\\Debug\\net8.0\\VictorBaseDotNET.Tests.dll","CodeFilePath":null,"LineNumber":0,"Properties":[{"Key":{"Id":"NUnit.Seed","Label":"Seed","Category":"","Description":"","Attributes":0,"ValueType":"System.String"},"Value":"1280239271"}]},"Attachments":[],"Outcome":1,"ErrorMessage":null,"ErrorStackTrace":null,"DisplayName":"VictorSDK_ShouldInitializeWithFlatIndex","Messages":[{"Category":"StdOutMsgs","Text":"Creando NativeMethodsWindows\r\n"}],"ComputerName":"PCR5600","Duration":"00:00:00.0004690","StartTime":"2025-05-19T20:10:14.1088621+00:00","EndTime":"2025-05-19T20:10:14.1093308+00:00","Properties":[{"Key":{"Id":"NUnit.Seed","Label":"Seed","Category":"","Description":"","Attributes":0,"ValueType":"System.String"},"Value":"1280239271"}]}],"TestRunStatistics":{"ExecutedTests":17,"Stats":{"Passed":17}},"ActiveTests":[]},"RunAttachments":[],"ExecutorUris":["executor://nunit3testexecutor/"]}}
TpTrace Verbose: 0 : 16400, 13, 2025/05/19, 17:10:14.142, 3904165276345, vstest.console.dll, TestRequestSender.EndSession: Sending end session.
TpTrace Verbose: 0 : 16400, 13, 2025/05/19, 17:10:14.142, 3904165278033, vstest.console.dll, ProxyOperationManager.Close: waiting for test host to exit for 100 ms
TpTrace Verbose: 0 : 16400, 11, 2025/05/19, 17:10:14.147, 3904165331886, vstest.console.dll, TestHostManagerCallbacks.StandardOutputReceivedCallback Test host standard output line: 
TpTrace Warning: 0 : 16400, 9, 2025/05/19, 17:10:14.147, 3904165331943, vstest.console.dll, TestHostManagerCallbacks.ErrorReceivedCallback Test host standard error line: 
TpTrace Verbose: 0 : 16400, 9, 2025/05/19, 17:10:14.155, 3904165412075, vstest.console.dll, TestHostProvider.ExitCallBack: Host exited starting callback.
TpTrace Information: 0 : 16400, 9, 2025/05/19, 17:10:14.155, 3904165413496, vstest.console.dll, TestHostManagerCallbacks.ExitCallBack: Testhost processId: 3128 exited with exitcode: 0 error: ''
TpTrace Verbose: 0 : 16400, 9, 2025/05/19, 17:10:14.155, 3904165413962, vstest.console.dll, DotnetTestHostManager.OnHostExited: invoking OnHostExited callback
TpTrace Verbose: 0 : 16400, 9, 2025/05/19, 17:10:14.155, 3904165414386, vstest.console.dll, CrossPlatEngine.TestHostManagerHostExited: calling on client process exit callback.
TpTrace Information: 0 : 16400, 9, 2025/05/19, 17:10:14.155, 3904165414791, vstest.console.dll, TestRequestSender.OnClientProcessExit: Test host process exited. Standard error: 
TpTrace Information: 0 : 16400, 9, 2025/05/19, 17:10:14.155, 3904165415065, vstest.console.dll, SocketServer.Stop: Stop server endPoint: 127.0.0.1:52441
TpTrace Information: 0 : 16400, 13, 2025/05/19, 17:10:14.155, 3904165415086, vstest.console.dll, SocketServer.Stop: Stop server endPoint: 127.0.0.1:52441
TpTrace Information: 0 : 16400, 9, 2025/05/19, 17:10:14.155, 3904165415263, vstest.console.dll, SocketServer.Stop: Cancellation requested. Stopping message loop.
TpTrace Information: 0 : 16400, 13, 2025/05/19, 17:10:14.155, 3904165415809, vstest.console.dll, SocketServer.Stop: Cancellation requested. Stopping message loop.
TpTrace Verbose: 0 : 16400, 9, 2025/05/19, 17:10:14.156, 3904165416569, vstest.console.dll, MulticastDelegateUtilities.SafeInvoke: HostProviderEvents.OnHostExited: Invoking callback 1/1 for Microsoft.VisualStudio.TestPlatform.CrossPlatEngine.Client.ProxyOperationManager., took 0 ms.
TpTrace Information: 0 : 16400, 13, 2025/05/19, 17:10:14.156, 3904165416620, vstest.console.dll, Closing the connection
TpTrace Verbose: 0 : 16400, 13, 2025/05/19, 17:10:14.156, 3904165419287, vstest.console.dll, ProxyDataCollectionManager.InvokeDataCollectionServiceAction: Starting.
TpTrace Information: 0 : 16400, 13, 2025/05/19, 17:10:14.156, 3904165419826, vstest.console.dll, ProxyDataCollectionManager.AfterTestRunEnd: Get attachment set and invoked data collectors processId: 10444 port: 52438
TpTrace Verbose: 0 : 16400, 13, 2025/05/19, 17:10:14.156, 3904165420513, vstest.console.dll, DataCollectionRequestSender.SendAfterTestRunStartAndGetResult: Send AfterTestRunEnd message with isCancelled: False
TpTrace Verbose: 0 : 16400, 13, 2025/05/19, 17:10:14.161, 3904165467511, vstest.console.dll, DataCollectionRequestSender.SendAfterTestRunStartAndGetResult: Received message: (DataCollection.AfterTestRunEndResult) -> {"MessageType":"DataCollection.AfterTestRunEndResult","Payload":{"AttachmentSets":[],"InvokedDataCollectors":[{"Uri":"datacollector://Microsoft/TestPlatform/Extensions/Blame/v1","FriendlyName":"Blame","AssemblyQualifiedName":"Microsoft.TestPlatform.Extensions.BlameDataCollector.BlameCollector, Microsoft.TestPlatform.Extensions.BlameDataCollector, Version=15.0.0.0, Culture=neutral, PublicKeyToken=b03f5f7f11d50a3a","FilePath":"C:\\Program Files\\dotnet\\sdk\\9.0.100\\Extensions\\Microsoft.TestPlatform.Extensions.BlameDataCollector.dll","HasAttachmentProcessor":false}],"Metrics":{}}}
TpTrace Information: 0 : 16400, 13, 2025/05/19, 17:10:14.164, 3904165497332, vstest.console.dll, ProxyDataCollectionManager.InvokeDataCollectionServiceAction: Completed.
TpTrace Warning: 0 : 16400, 10, 2025/05/19, 17:10:14.165, 3904165506231, vstest.console.dll, DataCollectionLauncher.ErrorReceivedCallback datacollector standard error line: 
TpTrace Information: 0 : 16400, 10, 2025/05/19, 17:10:14.169, 3904165552019, vstest.console.dll, DataCollectionLauncher.ExitCallBack: Data collector exited with exitcode: 0 error: ''
TpTrace Verbose: 0 : 16400, 13, 2025/05/19, 17:10:14.190, 3904165765416, vstest.console.dll, TestRunRequest:SendTestRunStatsChange: Starting.
TpTrace Verbose: 0 : 16400, 13, 2025/05/19, 17:10:14.191, 3904165766563, vstest.console.dll, MulticastDelegateUtilities.SafeInvoke: TestRun.RunStatsChanged: Invoking callbacks was skipped because there are no subscribers.
TpTrace Information: 0 : 16400, 13, 2025/05/19, 17:10:14.191, 3904165766824, vstest.console.dll, TestRunRequest:SendTestRunStatsChange: Completed.
TpTrace Verbose: 0 : 16400, 4, 2025/05/19, 17:10:14.191, 3904165766811, vstest.console.dll, MulticastDelegateUtilities.SafeInvoke: InternalTestLoggerEvents.SendTestResult: Invoking callback 1/1 for Microsoft.VisualStudio.TestPlatform.CommandLine.Internal.MSBuildLogger., took 0 ms.
TpTrace Verbose: 0 : 16400, 4, 2025/05/19, 17:10:14.191, 3904165767503, vstest.console.dll, MulticastDelegateUtilities.SafeInvoke: InternalTestLoggerEvents.SendTestResult: Invoking callback 1/1 for Microsoft.VisualStudio.TestPlatform.CommandLine.Internal.MSBuildLogger., took 0 ms.
TpTrace Verbose: 0 : 16400, 4, 2025/05/19, 17:10:14.191, 3904165767772, vstest.console.dll, MulticastDelegateUtilities.SafeInvoke: InternalTestLoggerEvents.SendTestResult: Invoking callback 1/1 for Microsoft.VisualStudio.TestPlatform.CommandLine.Internal.MSBuildLogger., took 0 ms.
TpTrace Verbose: 0 : 16400, 4, 2025/05/19, 17:10:14.191, 3904165767998, vstest.console.dll, MulticastDelegateUtilities.SafeInvoke: InternalTestLoggerEvents.SendTestResult: Invoking callback 1/1 for Microsoft.VisualStudio.TestPlatform.CommandLine.Internal.MSBuildLogger., took 0 ms.
TpTrace Verbose: 0 : 16400, 4, 2025/05/19, 17:10:14.191, 3904165768219, vstest.console.dll, MulticastDelegateUtilities.SafeInvoke: InternalTestLoggerEvents.SendTestResult: Invoking callback 1/1 for Microsoft.VisualStudio.TestPlatform.CommandLine.Internal.MSBuildLogger., took 0 ms.
TpTrace Verbose: 0 : 16400, 4, 2025/05/19, 17:10:14.191, 3904165768436, vstest.console.dll, MulticastDelegateUtilities.SafeInvoke: InternalTestLoggerEvents.SendTestResult: Invoking callback 1/1 for Microsoft.VisualStudio.TestPlatform.CommandLine.Internal.MSBuildLogger., took 0 ms.
TpTrace Verbose: 0 : 16400, 13, 2025/05/19, 17:10:14.191, 3904165769416, vstest.console.dll, ParallelProxyExecutionManager: HandlePartialRunComplete: Total workloads = 1, Total started clients = 1 Total completed clients = 1, Run complete = True, Run canceled: False.
TpTrace Verbose: 0 : 16400, 13, 2025/05/19, 17:10:14.191, 3904165769735, vstest.console.dll, ParallelProxyExecutionManager: HandlePartialRunComplete: All runs completed stopping all managers.
TpTrace Verbose: 0 : 16400, 13, 2025/05/19, 17:10:14.191, 3904165770001, vstest.console.dll, ParallelOperationManager.StopAllManagers: Stopping all managers.
TpTrace Verbose: 0 : 16400, 13, 2025/05/19, 17:10:14.191, 3904165770225, vstest.console.dll, ParallelOperationManager.ClearSlots: Clearing all slots. Slots should accept more work: False
TpTrace Verbose: 0 : 16400, 13, 2025/05/19, 17:10:14.191, 3904165770560, vstest.console.dll, ParallelOperationManager.SetOccupiedSlotCount: Setting slot counts AvailableSlotCount = 1, OccupiedSlotCount = 0.
TpTrace Verbose: 0 : 16400, 13, 2025/05/19, 17:10:14.191, 3904165770918, vstest.console.dll, Occupied slots:

TpTrace Verbose: 0 : 16400, 4, 2025/05/19, 17:10:14.199, 3904165855997, vstest.console.dll, MulticastDelegateUtilities.SafeInvoke: InternalTestLoggerEvents.SendTestRunComplete: Invoking callback 1/2 for Microsoft.VisualStudio.TestPlatform.CommandLine.Internal.MSBuildLogger., took 4 ms.
TpTrace Verbose: 0 : 16400, 4, 2025/05/19, 17:10:14.200, 3904165858403, vstest.console.dll, MulticastDelegateUtilities.SafeInvoke: InternalTestLoggerEvents.SendTestRunComplete: Invoking callback 2/2 for Microsoft.TestPlatform.Extensions.BlameDataCollector.BlameLogger., took 0 ms.
TpTrace Verbose: 0 : 16400, 13, 2025/05/19, 17:10:14.200, 3904165860240, vstest.console.dll, TestRunRequest:TestRunComplete: Starting. IsAborted:False IsCanceled:False.
TpTrace Verbose: 0 : 16400, 13, 2025/05/19, 17:10:14.200, 3904165861345, vstest.console.dll, ParallelOperationManager.DoActionOnAllManagers: Calling an action on all managers.
TpTrace Verbose: 0 : 16400, 13, 2025/05/19, 17:10:14.201, 3904165867992, vstest.console.dll, TestLoggerManager.HandleTestRunComplete: Ignoring as the object is disposed.
TpTrace Verbose: 0 : 16400, 13, 2025/05/19, 17:10:14.201, 3904165868637, vstest.console.dll, MulticastDelegateUtilities.SafeInvoke: TestRun.TestRunComplete: Invoking callback 1/2 for Microsoft.VisualStudio.TestPlatform.CommandLine.TestRunResultAggregator., took 0 ms.
TpTrace Verbose: 0 : 16400, 13, 2025/05/19, 17:10:14.201, 3904165869403, vstest.console.dll, MulticastDelegateUtilities.SafeInvoke: TestRun.TestRunComplete: Invoking callback 2/2 for Microsoft.VisualStudio.TestPlatform.CommandLine.Processors.RunTestsArgumentExecutor+TestRunRequestEventsRegistrar., took 0 ms.
TpTrace Information: 0 : 16400, 13, 2025/05/19, 17:10:14.201, 3904165870144, vstest.console.dll, TestRunRequest:TestRunComplete: Completed.
TpTrace Verbose: 0 : 16400, 1, 2025/05/19, 17:10:14.201, 3904165870360, vstest.console.dll, TestRunRequest.Dispose: Starting.
TpTrace Verbose: 0 : 16400, 13, 2025/05/19, 17:10:14.201, 3904165870430, vstest.console.dll, TestRequestSender.SetOperationComplete: Setting operation complete.
TpTrace Information: 0 : 16400, 1, 2025/05/19, 17:10:14.201, 3904165870842, vstest.console.dll, TestRunRequest.Dispose: Completed.
TpTrace Information: 0 : 16400, 13, 2025/05/19, 17:10:14.201, 3904165871124, vstest.console.dll, SocketServer.Stop: Stop server endPoint: 127.0.0.1:52441
TpTrace Information: 0 : 16400, 1, 2025/05/19, 17:10:14.201, 3904165871574, vstest.console.dll, TestRequestManager.RunTests: run tests completed.
TpTrace Information: 0 : 16400, 13, 2025/05/19, 17:10:14.201, 3904165871818, vstest.console.dll, SocketServer.Stop: Cancellation requested. Stopping message loop.
TpTrace Verbose: 0 : 16400, 13, 2025/05/19, 17:10:14.201, 3904165872702, vstest.console.dll, MulticastDelegateUtilities.SafeInvoke: LengthPrefixCommunicationChannel: MessageReceived: Invoking callback 1/1 for Microsoft.VisualStudio.TestPlatform.CommunicationUtilities.TestRequestSender+<>c__DisplayClass34_0., took 59 ms.
TpTrace Information: 0 : 16400, 1, 2025/05/19, 17:10:14.201, 3904165872983, vstest.console.dll, RunTestsArgumentProcessor:Execute: Test run is completed.
TpTrace Information: 0 : 16400, 13, 2025/05/19, 17:10:14.201, 3904165873099, vstest.console.dll, SocketServer.PrivateStop: Stopping server endPoint: 127.0.0.1:52441 error: 
TpTrace Verbose: 0 : 16400, 1, 2025/05/19, 17:10:14.202, 3904165877323, vstest.console.dll, Executor.Execute: Exiting with exit code of 0
TpTrace Verbose: 0 : 16400, 13, 2025/05/19, 17:10:14.202, 3904165877418, vstest.console.dll, LengthPrefixCommunicationChannel.Dispose: Dispose reader and writer.
TpTrace Information: 0 : 16400, 13, 2025/05/19, 17:10:14.202, 3904165878428, vstest.console.dll, SocketServer.Stop: Raise disconnected event endPoint: 127.0.0.1:52441 error: 
TpTrace Verbose: 0 : 16400, 13, 2025/05/19, 17:10:14.202, 3904165878955, vstest.console.dll, TestRequestSender: OnTestRunAbort: Operation is already complete. Skip error message.
TpTrace Verbose: 0 : 16400, 13, 2025/05/19, 17:10:14.202, 3904165879235, vstest.console.dll, MulticastDelegateUtilities.SafeInvoke: SocketServer: ClientDisconnected: Invoking callback 1/1 for Microsoft.VisualStudio.TestPlatform.CommunicationUtilities.TestRequestSender., took 0 ms.
TpTrace Verbose: 0 : 16400, 13, 2025/05/19, 17:10:14.202, 3904165879441, vstest.console.dll, TcpClientExtensions.MessageLoopAsync: exiting MessageLoopAsync remoteEndPoint: 127.0.0.1:52446 localEndPoint: 127.0.0.1:52441
